PC=00000001 	 SP=0000270F 	 A=00000000 	 B=00000000 halt  00000000

PC=00000002 	 SP=0000270F 	 A=00000000 	 B=00000000 stl 0

PC=00000003 	 SP=0000270E 	 A=00000000 	 B=00000000 adj -1

PC=00000004 	 SP=0000270E 	 A=00000015 	 B=00000000 ldc 21

PC=00000005 	 SP=0000270E 	 A=00000064 	 B=00000000 ldnl 0

PC=00000006 	 SP=0000270E 	 A=00000016 	 B=00000064 ldc 22

PC=00000007 	 SP=0000270E 	 A=00000000 	 B=00000064 ldnl 0

PC=00000008 	 SP=0000270E 	 A=00000064 	 B=00000064 add  00000000

PC=00000009 	 SP=0000270E 	 A=00000016 	 B=00000064 ldc 22

PC=0000000A 	 SP=0000270E 	 A=00000016 	 B=00000064 stnl 0

PC=0000000B 	 SP=0000270E 	 A=00000015 	 B=00000016 ldc 21

PC=0000000C 	 SP=0000270E 	 A=00000064 	 B=00000016 ldnl 0

PC=0000000D 	 SP=0000270E 	 A=00000063 	 B=00000016 adc -1

PC=0000000E 	 SP=0000270E 	 A=00000063 	 B=00000016 brz 3

PC=0000000F 	 SP=0000270E 	 A=00000015 	 B=00000063 ldc 21

PC=00000010 	 SP=0000270E 	 A=00000015 	 B=00000063 stnl 0

PC=00000003 	 SP=0000270E 	 A=00000015 	 B=00000063 adj -1

PC=00000004 	 SP=0000270E 	 A=00000015 	 B=00000015 ldc 21

PC=00000005 	 SP=0000270E 	 A=00000063 	 B=00000015 ldnl 0

PC=00000006 	 SP=0000270E 	 A=00000016 	 B=00000063 ldc 22

PC=00000007 	 SP=0000270E 	 A=00000064 	 B=00000063 ldnl 0

PC=00000008 	 SP=0000270E 	 A=000000C7 	 B=00000063 add  00000000

PC=00000009 	 SP=0000270E 	 A=00000016 	 B=000000C7 ldc 22

PC=0000000A 	 SP=0000270E 	 A=00000016 	 B=000000C7 stnl 0

PC=0000000B 	 SP=0000270E 	 A=00000015 	 B=00000016 ldc 21

PC=0000000C 	 SP=0000270E 	 A=00000063 	 B=00000016 ldnl 0

PC=0000000D 	 SP=0000270E 	 A=00000062 	 B=00000016 adc -1

PC=0000000E 	 SP=0000270E 	 A=00000062 	 B=00000016 brz 3

PC=0000000F 	 SP=0000270E 	 A=00000015 	 B=00000062 ldc 21

PC=00000010 	 SP=0000270E 	 A=00000015 	 B=00000062 stnl 0

PC=00000003 	 SP=0000270E 	 A=00000015 	 B=00000062 adj -1

PC=00000004 	 SP=0000270E 	 A=00000015 	 B=00000015 ldc 21

PC=00000005 	 SP=0000270E 	 A=00000062 	 B=00000015 ldnl 0

PC=00000006 	 SP=0000270E 	 A=00000016 	 B=00000062 ldc 22

PC=00000007 	 SP=0000270E 	 A=000000C7 	 B=00000062 ldnl 0

PC=00000008 	 SP=0000270E 	 A=00000129 	 B=00000062 add  00000000

PC=00000009 	 SP=0000270E 	 A=00000016 	 B=00000129 ldc 22

PC=0000000A 	 SP=0000270E 	 A=00000016 	 B=00000129 stnl 0

PC=0000000B 	 SP=0000270E 	 A=00000015 	 B=00000016 ldc 21

PC=0000000C 	 SP=0000270E 	 A=00000062 	 B=00000016 ldnl 0

PC=0000000D 	 SP=0000270E 	 A=00000061 	 B=00000016 adc -1

PC=0000000E 	 SP=0000270E 	 A=00000061 	 B=00000016 brz 3

PC=0000000F 	 SP=0000270E 	 A=00000015 	 B=00000061 ldc 21

PC=00000010 	 SP=0000270E 	 A=00000015 	 B=00000061 stnl 0

PC=00000003 	 SP=0000270E 	 A=00000015 	 B=00000061 adj -1

PC=00000004 	 SP=0000270E 	 A=00000015 	 B=00000015 ldc 21

PC=00000005 	 SP=0000270E 	 A=00000061 	 B=00000015 ldnl 0

PC=00000006 	 SP=0000270E 	 A=00000016 	 B=00000061 ldc 22

PC=00000007 	 SP=0000270E 	 A=00000129 	 B=00000061 ldnl 0

PC=00000008 	 SP=0000270E 	 A=0000018A 	 B=00000061 add  00000000

PC=00000009 	 SP=0000270E 	 A=00000016 	 B=0000018A ldc 22

PC=0000000A 	 SP=0000270E 	 A=00000016 	 B=0000018A stnl 0

PC=0000000B 	 SP=0000270E 	 A=00000015 	 B=00000016 ldc 21

PC=0000000C 	 SP=0000270E 	 A=00000061 	 B=00000016 ldnl 0

PC=0000000D 	 SP=0000270E 	 A=00000060 	 B=00000016 adc -1

PC=0000000E 	 SP=0000270E 	 A=00000060 	 B=00000016 brz 3

PC=0000000F 	 SP=0000270E 	 A=00000015 	 B=00000060 ldc 21

PC=00000010 	 SP=0000270E 	 A=00000015 	 B=00000060 stnl 0

PC=00000003 	 SP=0000270E 	 A=00000015 	 B=00000060 adj -1

PC=00000004 	 SP=0000270E 	 A=00000015 	 B=00000015 ldc 21

PC=00000005 	 SP=0000270E 	 A=00000060 	 B=00000015 ldnl 0

PC=00000006 	 SP=0000270E 	 A=00000016 	 B=00000060 ldc 22

PC=00000007 	 SP=0000270E 	 A=0000018A 	 B=00000060 ldnl 0

PC=00000008 	 SP=0000270E 	 A=000001EA 	 B=00000060 add  00000000

PC=00000009 	 SP=0000270E 	 A=00000016 	 B=000001EA ldc 22

PC=0000000A 	 SP=0000270E 	 A=00000016 	 B=000001EA stnl 0

PC=0000000B 	 SP=0000270E 	 A=00000015 	 B=00000016 ldc 21

PC=0000000C 	 SP=0000270E 	 A=00000060 	 B=00000016 ldnl 0

PC=0000000D 	 SP=0000270E 	 A=0000005F 	 B=00000016 adc -1

PC=0000000E 	 SP=0000270E 	 A=0000005F 	 B=00000016 brz 3

PC=0000000F 	 SP=0000270E 	 A=00000015 	 B=0000005F ldc 21

PC=00000010 	 SP=0000270E 	 A=00000015 	 B=0000005F stnl 0

PC=00000003 	 SP=0000270E 	 A=00000015 	 B=0000005F adj -1

PC=00000004 	 SP=0000270E 	 A=00000015 	 B=00000015 ldc 21

PC=00000005 	 SP=0000270E 	 A=0000005F 	 B=00000015 ldnl 0

PC=00000006 	 SP=0000270E 	 A=00000016 	 B=0000005F ldc 22

PC=00000007 	 SP=0000270E 	 A=000001EA 	 B=0000005F ldnl 0

PC=00000008 	 SP=0000270E 	 A=00000249 	 B=0000005F add  00000000

PC=00000009 	 SP=0000270E 	 A=00000016 	 B=00000249 ldc 22

PC=0000000A 	 SP=0000270E 	 A=00000016 	 B=00000249 stnl 0

PC=0000000B 	 SP=0000270E 	 A=00000015 	 B=00000016 ldc 21

PC=0000000C 	 SP=0000270E 	 A=0000005F 	 B=00000016 ldnl 0

PC=0000000D 	 SP=0000270E 	 A=0000005E 	 B=00000016 adc -1

PC=0000000E 	 SP=0000270E 	 A=0000005E 	 B=00000016 brz 3

PC=0000000F 	 SP=0000270E 	 A=00000015 	 B=0000005E ldc 21

PC=00000010 	 SP=0000270E 	 A=00000015 	 B=0000005E stnl 0

PC=00000003 	 SP=0000270E 	 A=00000015 	 B=0000005E adj -1

PC=00000004 	 SP=0000270E 	 A=00000015 	 B=00000015 ldc 21

PC=00000005 	 SP=0000270E 	 A=0000005E 	 B=00000015 ldnl 0

PC=00000006 	 SP=0000270E 	 A=00000016 	 B=0000005E ldc 22

PC=00000007 	 SP=0000270E 	 A=00000249 	 B=0000005E ldnl 0

PC=00000008 	 SP=0000270E 	 A=000002A7 	 B=0000005E add  00000000

PC=00000009 	 SP=0000270E 	 A=00000016 	 B=000002A7 ldc 22

PC=0000000A 	 SP=0000270E 	 A=00000016 	 B=000002A7 stnl 0

PC=0000000B 	 SP=0000270E 	 A=00000015 	 B=00000016 ldc 21

PC=0000000C 	 SP=0000270E 	 A=0000005E 	 B=00000016 ldnl 0

PC=0000000D 	 SP=0000270E 	 A=0000005D 	 B=00000016 adc -1

PC=0000000E 	 SP=0000270E 	 A=0000005D 	 B=00000016 brz 3

PC=0000000F 	 SP=0000270E 	 A=00000015 	 B=0000005D ldc 21

PC=00000010 	 SP=0000270E 	 A=00000015 	 B=0000005D stnl 0

PC=00000003 	 SP=0000270E 	 A=00000015 	 B=0000005D adj -1

PC=00000004 	 SP=0000270E 	 A=00000015 	 B=00000015 ldc 21

PC=00000005 	 SP=0000270E 	 A=0000005D 	 B=00000015 ldnl 0

PC=00000006 	 SP=0000270E 	 A=00000016 	 B=0000005D ldc 22

PC=00000007 	 SP=0000270E 	 A=000002A7 	 B=0000005D ldnl 0

PC=00000008 	 SP=0000270E 	 A=00000304 	 B=0000005D add  00000000

PC=00000009 	 SP=0000270E 	 A=00000016 	 B=00000304 ldc 22

PC=0000000A 	 SP=0000270E 	 A=00000016 	 B=00000304 stnl 0

PC=0000000B 	 SP=0000270E 	 A=00000015 	 B=00000016 ldc 21

PC=0000000C 	 SP=0000270E 	 A=0000005D 	 B=00000016 ldnl 0

PC=0000000D 	 SP=0000270E 	 A=0000005C 	 B=00000016 adc -1

PC=0000000E 	 SP=0000270E 	 A=0000005C 	 B=00000016 brz 3

PC=0000000F 	 SP=0000270E 	 A=00000015 	 B=0000005C ldc 21

PC=00000010 	 SP=0000270E 	 A=00000015 	 B=0000005C stnl 0

PC=00000003 	 SP=0000270E 	 A=00000015 	 B=0000005C adj -1

PC=00000004 	 SP=0000270E 	 A=00000015 	 B=00000015 ldc 21

PC=00000005 	 SP=0000270E 	 A=0000005C 	 B=00000015 ldnl 0

PC=00000006 	 SP=0000270E 	 A=00000016 	 B=0000005C ldc 22

PC=00000007 	 SP=0000270E 	 A=00000304 	 B=0000005C ldnl 0

PC=00000008 	 SP=0000270E 	 A=00000360 	 B=0000005C add  00000000

PC=00000009 	 SP=0000270E 	 A=00000016 	 B=00000360 ldc 22

PC=0000000A 	 SP=0000270E 	 A=00000016 	 B=00000360 stnl 0

PC=0000000B 	 SP=0000270E 	 A=00000015 	 B=00000016 ldc 21

PC=0000000C 	 SP=0000270E 	 A=0000005C 	 B=00000016 ldnl 0

PC=0000000D 	 SP=0000270E 	 A=0000005B 	 B=00000016 adc -1

PC=0000000E 	 SP=0000270E 	 A=0000005B 	 B=00000016 brz 3

PC=0000000F 	 SP=0000270E 	 A=00000015 	 B=0000005B ldc 21

PC=00000010 	 SP=0000270E 	 A=00000015 	 B=0000005B stnl 0

PC=00000003 	 SP=0000270E 	 A=00000015 	 B=0000005B adj -1

PC=00000004 	 SP=0000270E 	 A=00000015 	 B=00000015 ldc 21

PC=00000005 	 SP=0000270E 	 A=0000005B 	 B=00000015 ldnl 0

PC=00000006 	 SP=0000270E 	 A=00000016 	 B=0000005B ldc 22

PC=00000007 	 SP=0000270E 	 A=00000360 	 B=0000005B ldnl 0

PC=00000008 	 SP=0000270E 	 A=000003BB 	 B=0000005B add  00000000

PC=00000009 	 SP=0000270E 	 A=00000016 	 B=000003BB ldc 22

PC=0000000A 	 SP=0000270E 	 A=00000016 	 B=000003BB stnl 0

PC=0000000B 	 SP=0000270E 	 A=00000015 	 B=00000016 ldc 21

PC=0000000C 	 SP=0000270E 	 A=0000005B 	 B=00000016 ldnl 0

PC=0000000D 	 SP=0000270E 	 A=0000005A 	 B=00000016 adc -1

PC=0000000E 	 SP=0000270E 	 A=0000005A 	 B=00000016 brz 3

PC=0000000F 	 SP=0000270E 	 A=00000015 	 B=0000005A ldc 21

PC=00000010 	 SP=0000270E 	 A=00000015 	 B=0000005A stnl 0

PC=00000003 	 SP=0000270E 	 A=00000015 	 B=0000005A adj -1

PC=00000004 	 SP=0000270E 	 A=00000015 	 B=00000015 ldc 21

PC=00000005 	 SP=0000270E 	 A=0000005A 	 B=00000015 ldnl 0

PC=00000006 	 SP=0000270E 	 A=00000016 	 B=0000005A ldc 22

PC=00000007 	 SP=0000270E 	 A=000003BB 	 B=0000005A ldnl 0

PC=00000008 	 SP=0000270E 	 A=00000415 	 B=0000005A add  00000000

PC=00000009 	 SP=0000270E 	 A=00000016 	 B=00000415 ldc 22

PC=0000000A 	 SP=0000270E 	 A=00000016 	 B=00000415 stnl 0

PC=0000000B 	 SP=0000270E 	 A=00000015 	 B=00000016 ldc 21

PC=0000000C 	 SP=0000270E 	 A=0000005A 	 B=00000016 ldnl 0

PC=0000000D 	 SP=0000270E 	 A=00000059 	 B=00000016 adc -1

PC=0000000E 	 SP=0000270E 	 A=00000059 	 B=00000016 brz 3

PC=0000000F 	 SP=0000270E 	 A=00000015 	 B=00000059 ldc 21

PC=00000010 	 SP=0000270E 	 A=00000015 	 B=00000059 stnl 0

PC=00000003 	 SP=0000270E 	 A=00000015 	 B=00000059 adj -1

PC=00000004 	 SP=0000270E 	 A=00000015 	 B=00000015 ldc 21

PC=00000005 	 SP=0000270E 	 A=00000059 	 B=00000015 ldnl 0

PC=00000006 	 SP=0000270E 	 A=00000016 	 B=00000059 ldc 22

PC=00000007 	 SP=0000270E 	 A=00000415 	 B=00000059 ldnl 0

PC=00000008 	 SP=0000270E 	 A=0000046E 	 B=00000059 add  00000000

PC=00000009 	 SP=0000270E 	 A=00000016 	 B=0000046E ldc 22

PC=0000000A 	 SP=0000270E 	 A=00000016 	 B=0000046E stnl 0

PC=0000000B 	 SP=0000270E 	 A=00000015 	 B=00000016 ldc 21

PC=0000000C 	 SP=0000270E 	 A=00000059 	 B=00000016 ldnl 0

PC=0000000D 	 SP=0000270E 	 A=00000058 	 B=00000016 adc -1

PC=0000000E 	 SP=0000270E 	 A=00000058 	 B=00000016 brz 3

PC=0000000F 	 SP=0000270E 	 A=00000015 	 B=00000058 ldc 21

PC=00000010 	 SP=0000270E 	 A=00000015 	 B=00000058 stnl 0

PC=00000003 	 SP=0000270E 	 A=00000015 	 B=00000058 adj -1

PC=00000004 	 SP=0000270E 	 A=00000015 	 B=00000015 ldc 21

PC=00000005 	 SP=0000270E 	 A=00000058 	 B=00000015 ldnl 0

PC=00000006 	 SP=0000270E 	 A=00000016 	 B=00000058 ldc 22

PC=00000007 	 SP=0000270E 	 A=0000046E 	 B=00000058 ldnl 0

PC=00000008 	 SP=0000270E 	 A=000004C6 	 B=00000058 add  00000000

PC=00000009 	 SP=0000270E 	 A=00000016 	 B=000004C6 ldc 22

PC=0000000A 	 SP=0000270E 	 A=00000016 	 B=000004C6 stnl 0

PC=0000000B 	 SP=0000270E 	 A=00000015 	 B=00000016 ldc 21

PC=0000000C 	 SP=0000270E 	 A=00000058 	 B=00000016 ldnl 0

PC=0000000D 	 SP=0000270E 	 A=00000057 	 B=00000016 adc -1

PC=0000000E 	 SP=0000270E 	 A=00000057 	 B=00000016 brz 3

PC=0000000F 	 SP=0000270E 	 A=00000015 	 B=00000057 ldc 21

PC=00000010 	 SP=0000270E 	 A=00000015 	 B=00000057 stnl 0

PC=00000003 	 SP=0000270E 	 A=00000015 	 B=00000057 adj -1

PC=00000004 	 SP=0000270E 	 A=00000015 	 B=00000015 ldc 21

PC=00000005 	 SP=0000270E 	 A=00000057 	 B=00000015 ldnl 0

PC=00000006 	 SP=0000270E 	 A=00000016 	 B=00000057 ldc 22

PC=00000007 	 SP=0000270E 	 A=000004C6 	 B=00000057 ldnl 0

PC=00000008 	 SP=0000270E 	 A=0000051D 	 B=00000057 add  00000000

PC=00000009 	 SP=0000270E 	 A=00000016 	 B=0000051D ldc 22

PC=0000000A 	 SP=0000270E 	 A=00000016 	 B=0000051D stnl 0

PC=0000000B 	 SP=0000270E 	 A=00000015 	 B=00000016 ldc 21

PC=0000000C 	 SP=0000270E 	 A=00000057 	 B=00000016 ldnl 0

PC=0000000D 	 SP=0000270E 	 A=00000056 	 B=00000016 adc -1

PC=0000000E 	 SP=0000270E 	 A=00000056 	 B=00000016 brz 3

PC=0000000F 	 SP=0000270E 	 A=00000015 	 B=00000056 ldc 21

PC=00000010 	 SP=0000270E 	 A=00000015 	 B=00000056 stnl 0

PC=00000003 	 SP=0000270E 	 A=00000015 	 B=00000056 adj -1

PC=00000004 	 SP=0000270E 	 A=00000015 	 B=00000015 ldc 21

PC=00000005 	 SP=0000270E 	 A=00000056 	 B=00000015 ldnl 0

PC=00000006 	 SP=0000270E 	 A=00000016 	 B=00000056 ldc 22

PC=00000007 	 SP=0000270E 	 A=0000051D 	 B=00000056 ldnl 0

PC=00000008 	 SP=0000270E 	 A=00000573 	 B=00000056 add  00000000

PC=00000009 	 SP=0000270E 	 A=00000016 	 B=00000573 ldc 22

PC=0000000A 	 SP=0000270E 	 A=00000016 	 B=00000573 stnl 0

PC=0000000B 	 SP=0000270E 	 A=00000015 	 B=00000016 ldc 21

PC=0000000C 	 SP=0000270E 	 A=00000056 	 B=00000016 ldnl 0

PC=0000000D 	 SP=0000270E 	 A=00000055 	 B=00000016 adc -1

PC=0000000E 	 SP=0000270E 	 A=00000055 	 B=00000016 brz 3

PC=0000000F 	 SP=0000270E 	 A=00000015 	 B=00000055 ldc 21

PC=00000010 	 SP=0000270E 	 A=00000015 	 B=00000055 stnl 0

PC=00000003 	 SP=0000270E 	 A=00000015 	 B=00000055 adj -1

PC=00000004 	 SP=0000270E 	 A=00000015 	 B=00000015 ldc 21

PC=00000005 	 SP=0000270E 	 A=00000055 	 B=00000015 ldnl 0

PC=00000006 	 SP=0000270E 	 A=00000016 	 B=00000055 ldc 22

PC=00000007 	 SP=0000270E 	 A=00000573 	 B=00000055 ldnl 0

PC=00000008 	 SP=0000270E 	 A=000005C8 	 B=00000055 add  00000000

PC=00000009 	 SP=0000270E 	 A=00000016 	 B=000005C8 ldc 22

PC=0000000A 	 SP=0000270E 	 A=00000016 	 B=000005C8 stnl 0

PC=0000000B 	 SP=0000270E 	 A=00000015 	 B=00000016 ldc 21

PC=0000000C 	 SP=0000270E 	 A=00000055 	 B=00000016 ldnl 0

PC=0000000D 	 SP=0000270E 	 A=00000054 	 B=00000016 adc -1

PC=0000000E 	 SP=0000270E 	 A=00000054 	 B=00000016 brz 3

PC=0000000F 	 SP=0000270E 	 A=00000015 	 B=00000054 ldc 21

PC=00000010 	 SP=0000270E 	 A=00000015 	 B=00000054 stnl 0

PC=00000003 	 SP=0000270E 	 A=00000015 	 B=00000054 adj -1

PC=00000004 	 SP=0000270E 	 A=00000015 	 B=00000015 ldc 21

PC=00000005 	 SP=0000270E 	 A=00000054 	 B=00000015 ldnl 0

PC=00000006 	 SP=0000270E 	 A=00000016 	 B=00000054 ldc 22

PC=00000007 	 SP=0000270E 	 A=000005C8 	 B=00000054 ldnl 0

PC=00000008 	 SP=0000270E 	 A=0000061C 	 B=00000054 add  00000000

PC=00000009 	 SP=0000270E 	 A=00000016 	 B=0000061C ldc 22

PC=0000000A 	 SP=0000270E 	 A=00000016 	 B=0000061C stnl 0

PC=0000000B 	 SP=0000270E 	 A=00000015 	 B=00000016 ldc 21

PC=0000000C 	 SP=0000270E 	 A=00000054 	 B=00000016 ldnl 0

PC=0000000D 	 SP=0000270E 	 A=00000053 	 B=00000016 adc -1

PC=0000000E 	 SP=0000270E 	 A=00000053 	 B=00000016 brz 3

PC=0000000F 	 SP=0000270E 	 A=00000015 	 B=00000053 ldc 21

PC=00000010 	 SP=0000270E 	 A=00000015 	 B=00000053 stnl 0

PC=00000003 	 SP=0000270E 	 A=00000015 	 B=00000053 adj -1

PC=00000004 	 SP=0000270E 	 A=00000015 	 B=00000015 ldc 21

PC=00000005 	 SP=0000270E 	 A=00000053 	 B=00000015 ldnl 0

PC=00000006 	 SP=0000270E 	 A=00000016 	 B=00000053 ldc 22

PC=00000007 	 SP=0000270E 	 A=0000061C 	 B=00000053 ldnl 0

PC=00000008 	 SP=0000270E 	 A=0000066F 	 B=00000053 add  00000000

PC=00000009 	 SP=0000270E 	 A=00000016 	 B=0000066F ldc 22

PC=0000000A 	 SP=0000270E 	 A=00000016 	 B=0000066F stnl 0

PC=0000000B 	 SP=0000270E 	 A=00000015 	 B=00000016 ldc 21

PC=0000000C 	 SP=0000270E 	 A=00000053 	 B=00000016 ldnl 0

PC=0000000D 	 SP=0000270E 	 A=00000052 	 B=00000016 adc -1

PC=0000000E 	 SP=0000270E 	 A=00000052 	 B=00000016 brz 3

PC=0000000F 	 SP=0000270E 	 A=00000015 	 B=00000052 ldc 21

PC=00000010 	 SP=0000270E 	 A=00000015 	 B=00000052 stnl 0

PC=00000003 	 SP=0000270E 	 A=00000015 	 B=00000052 adj -1

PC=00000004 	 SP=0000270E 	 A=00000015 	 B=00000015 ldc 21

PC=00000005 	 SP=0000270E 	 A=00000052 	 B=00000015 ldnl 0

PC=00000006 	 SP=0000270E 	 A=00000016 	 B=00000052 ldc 22

PC=00000007 	 SP=0000270E 	 A=0000066F 	 B=00000052 ldnl 0

PC=00000008 	 SP=0000270E 	 A=000006C1 	 B=00000052 add  00000000

PC=00000009 	 SP=0000270E 	 A=00000016 	 B=000006C1 ldc 22

PC=0000000A 	 SP=0000270E 	 A=00000016 	 B=000006C1 stnl 0

PC=0000000B 	 SP=0000270E 	 A=00000015 	 B=00000016 ldc 21

PC=0000000C 	 SP=0000270E 	 A=00000052 	 B=00000016 ldnl 0

PC=0000000D 	 SP=0000270E 	 A=00000051 	 B=00000016 adc -1

PC=0000000E 	 SP=0000270E 	 A=00000051 	 B=00000016 brz 3

PC=0000000F 	 SP=0000270E 	 A=00000015 	 B=00000051 ldc 21

PC=00000010 	 SP=0000270E 	 A=00000015 	 B=00000051 stnl 0

PC=00000003 	 SP=0000270E 	 A=00000015 	 B=00000051 adj -1

PC=00000004 	 SP=0000270E 	 A=00000015 	 B=00000015 ldc 21

PC=00000005 	 SP=0000270E 	 A=00000051 	 B=00000015 ldnl 0

PC=00000006 	 SP=0000270E 	 A=00000016 	 B=00000051 ldc 22

PC=00000007 	 SP=0000270E 	 A=000006C1 	 B=00000051 ldnl 0

PC=00000008 	 SP=0000270E 	 A=00000712 	 B=00000051 add  00000000

PC=00000009 	 SP=0000270E 	 A=00000016 	 B=00000712 ldc 22

PC=0000000A 	 SP=0000270E 	 A=00000016 	 B=00000712 stnl 0

PC=0000000B 	 SP=0000270E 	 A=00000015 	 B=00000016 ldc 21

PC=0000000C 	 SP=0000270E 	 A=00000051 	 B=00000016 ldnl 0

PC=0000000D 	 SP=0000270E 	 A=00000050 	 B=00000016 adc -1

PC=0000000E 	 SP=0000270E 	 A=00000050 	 B=00000016 brz 3

PC=0000000F 	 SP=0000270E 	 A=00000015 	 B=00000050 ldc 21

PC=00000010 	 SP=0000270E 	 A=00000015 	 B=00000050 stnl 0

PC=00000003 	 SP=0000270E 	 A=00000015 	 B=00000050 adj -1

PC=00000004 	 SP=0000270E 	 A=00000015 	 B=00000015 ldc 21

PC=00000005 	 SP=0000270E 	 A=00000050 	 B=00000015 ldnl 0

PC=00000006 	 SP=0000270E 	 A=00000016 	 B=00000050 ldc 22

PC=00000007 	 SP=0000270E 	 A=00000712 	 B=00000050 ldnl 0

PC=00000008 	 SP=0000270E 	 A=00000762 	 B=00000050 add  00000000

PC=00000009 	 SP=0000270E 	 A=00000016 	 B=00000762 ldc 22

PC=0000000A 	 SP=0000270E 	 A=00000016 	 B=00000762 stnl 0

PC=0000000B 	 SP=0000270E 	 A=00000015 	 B=00000016 ldc 21

PC=0000000C 	 SP=0000270E 	 A=00000050 	 B=00000016 ldnl 0

PC=0000000D 	 SP=0000270E 	 A=0000004F 	 B=00000016 adc -1

PC=0000000E 	 SP=0000270E 	 A=0000004F 	 B=00000016 brz 3

PC=0000000F 	 SP=0000270E 	 A=00000015 	 B=0000004F ldc 21

PC=00000010 	 SP=0000270E 	 A=00000015 	 B=0000004F stnl 0

PC=00000003 	 SP=0000270E 	 A=00000015 	 B=0000004F adj -1

PC=00000004 	 SP=0000270E 	 A=00000015 	 B=00000015 ldc 21

PC=00000005 	 SP=0000270E 	 A=0000004F 	 B=00000015 ldnl 0

PC=00000006 	 SP=0000270E 	 A=00000016 	 B=0000004F ldc 22

PC=00000007 	 SP=0000270E 	 A=00000762 	 B=0000004F ldnl 0

PC=00000008 	 SP=0000270E 	 A=000007B1 	 B=0000004F add  00000000

PC=00000009 	 SP=0000270E 	 A=00000016 	 B=000007B1 ldc 22

PC=0000000A 	 SP=0000270E 	 A=00000016 	 B=000007B1 stnl 0

PC=0000000B 	 SP=0000270E 	 A=00000015 	 B=00000016 ldc 21

PC=0000000C 	 SP=0000270E 	 A=0000004F 	 B=00000016 ldnl 0

PC=0000000D 	 SP=0000270E 	 A=0000004E 	 B=00000016 adc -1

PC=0000000E 	 SP=0000270E 	 A=0000004E 	 B=00000016 brz 3

PC=0000000F 	 SP=0000270E 	 A=00000015 	 B=0000004E ldc 21

PC=00000010 	 SP=0000270E 	 A=00000015 	 B=0000004E stnl 0

PC=00000003 	 SP=0000270E 	 A=00000015 	 B=0000004E adj -1

PC=00000004 	 SP=0000270E 	 A=00000015 	 B=00000015 ldc 21

PC=00000005 	 SP=0000270E 	 A=0000004E 	 B=00000015 ldnl 0

PC=00000006 	 SP=0000270E 	 A=00000016 	 B=0000004E ldc 22

PC=00000007 	 SP=0000270E 	 A=000007B1 	 B=0000004E ldnl 0

PC=00000008 	 SP=0000270E 	 A=000007FF 	 B=0000004E add  00000000

PC=00000009 	 SP=0000270E 	 A=00000016 	 B=000007FF ldc 22

PC=0000000A 	 SP=0000270E 	 A=00000016 	 B=000007FF stnl 0

PC=0000000B 	 SP=0000270E 	 A=00000015 	 B=00000016 ldc 21

PC=0000000C 	 SP=0000270E 	 A=0000004E 	 B=00000016 ldnl 0

PC=0000000D 	 SP=0000270E 	 A=0000004D 	 B=00000016 adc -1

PC=0000000E 	 SP=0000270E 	 A=0000004D 	 B=00000016 brz 3

PC=0000000F 	 SP=0000270E 	 A=00000015 	 B=0000004D ldc 21

PC=00000010 	 SP=0000270E 	 A=00000015 	 B=0000004D stnl 0

PC=00000003 	 SP=0000270E 	 A=00000015 	 B=0000004D adj -1

PC=00000004 	 SP=0000270E 	 A=00000015 	 B=00000015 ldc 21

PC=00000005 	 SP=0000270E 	 A=0000004D 	 B=00000015 ldnl 0

PC=00000006 	 SP=0000270E 	 A=00000016 	 B=0000004D ldc 22

PC=00000007 	 SP=0000270E 	 A=000007FF 	 B=0000004D ldnl 0

PC=00000008 	 SP=0000270E 	 A=0000084C 	 B=0000004D add  00000000

PC=00000009 	 SP=0000270E 	 A=00000016 	 B=0000084C ldc 22

PC=0000000A 	 SP=0000270E 	 A=00000016 	 B=0000084C stnl 0

PC=0000000B 	 SP=0000270E 	 A=00000015 	 B=00000016 ldc 21

PC=0000000C 	 SP=0000270E 	 A=0000004D 	 B=00000016 ldnl 0

PC=0000000D 	 SP=0000270E 	 A=0000004C 	 B=00000016 adc -1

PC=0000000E 	 SP=0000270E 	 A=0000004C 	 B=00000016 brz 3

PC=0000000F 	 SP=0000270E 	 A=00000015 	 B=0000004C ldc 21

PC=00000010 	 SP=0000270E 	 A=00000015 	 B=0000004C stnl 0

PC=00000003 	 SP=0000270E 	 A=00000015 	 B=0000004C adj -1

PC=00000004 	 SP=0000270E 	 A=00000015 	 B=00000015 ldc 21

PC=00000005 	 SP=0000270E 	 A=0000004C 	 B=00000015 ldnl 0

PC=00000006 	 SP=0000270E 	 A=00000016 	 B=0000004C ldc 22

PC=00000007 	 SP=0000270E 	 A=0000084C 	 B=0000004C ldnl 0

PC=00000008 	 SP=0000270E 	 A=00000898 	 B=0000004C add  00000000

PC=00000009 	 SP=0000270E 	 A=00000016 	 B=00000898 ldc 22

PC=0000000A 	 SP=0000270E 	 A=00000016 	 B=00000898 stnl 0

PC=0000000B 	 SP=0000270E 	 A=00000015 	 B=00000016 ldc 21

PC=0000000C 	 SP=0000270E 	 A=0000004C 	 B=00000016 ldnl 0

PC=0000000D 	 SP=0000270E 	 A=0000004B 	 B=00000016 adc -1

PC=0000000E 	 SP=0000270E 	 A=0000004B 	 B=00000016 brz 3

PC=0000000F 	 SP=0000270E 	 A=00000015 	 B=0000004B ldc 21

PC=00000010 	 SP=0000270E 	 A=00000015 	 B=0000004B stnl 0

PC=00000003 	 SP=0000270E 	 A=00000015 	 B=0000004B adj -1

PC=00000004 	 SP=0000270E 	 A=00000015 	 B=00000015 ldc 21

PC=00000005 	 SP=0000270E 	 A=0000004B 	 B=00000015 ldnl 0

PC=00000006 	 SP=0000270E 	 A=00000016 	 B=0000004B ldc 22

PC=00000007 	 SP=0000270E 	 A=00000898 	 B=0000004B ldnl 0

PC=00000008 	 SP=0000270E 	 A=000008E3 	 B=0000004B add  00000000

PC=00000009 	 SP=0000270E 	 A=00000016 	 B=000008E3 ldc 22

PC=0000000A 	 SP=0000270E 	 A=00000016 	 B=000008E3 stnl 0

PC=0000000B 	 SP=0000270E 	 A=00000015 	 B=00000016 ldc 21

PC=0000000C 	 SP=0000270E 	 A=0000004B 	 B=00000016 ldnl 0

PC=0000000D 	 SP=0000270E 	 A=0000004A 	 B=00000016 adc -1

PC=0000000E 	 SP=0000270E 	 A=0000004A 	 B=00000016 brz 3

PC=0000000F 	 SP=0000270E 	 A=00000015 	 B=0000004A ldc 21

PC=00000010 	 SP=0000270E 	 A=00000015 	 B=0000004A stnl 0

PC=00000003 	 SP=0000270E 	 A=00000015 	 B=0000004A adj -1

PC=00000004 	 SP=0000270E 	 A=00000015 	 B=00000015 ldc 21

PC=00000005 	 SP=0000270E 	 A=0000004A 	 B=00000015 ldnl 0

PC=00000006 	 SP=0000270E 	 A=00000016 	 B=0000004A ldc 22

PC=00000007 	 SP=0000270E 	 A=000008E3 	 B=0000004A ldnl 0

PC=00000008 	 SP=0000270E 	 A=0000092D 	 B=0000004A add  00000000

PC=00000009 	 SP=0000270E 	 A=00000016 	 B=0000092D ldc 22

PC=0000000A 	 SP=0000270E 	 A=00000016 	 B=0000092D stnl 0

PC=0000000B 	 SP=0000270E 	 A=00000015 	 B=00000016 ldc 21

PC=0000000C 	 SP=0000270E 	 A=0000004A 	 B=00000016 ldnl 0

PC=0000000D 	 SP=0000270E 	 A=00000049 	 B=00000016 adc -1

PC=0000000E 	 SP=0000270E 	 A=00000049 	 B=00000016 brz 3

PC=0000000F 	 SP=0000270E 	 A=00000015 	 B=00000049 ldc 21

PC=00000010 	 SP=0000270E 	 A=00000015 	 B=00000049 stnl 0

PC=00000003 	 SP=0000270E 	 A=00000015 	 B=00000049 adj -1

PC=00000004 	 SP=0000270E 	 A=00000015 	 B=00000015 ldc 21

PC=00000005 	 SP=0000270E 	 A=00000049 	 B=00000015 ldnl 0

PC=00000006 	 SP=0000270E 	 A=00000016 	 B=00000049 ldc 22

PC=00000007 	 SP=0000270E 	 A=0000092D 	 B=00000049 ldnl 0

PC=00000008 	 SP=0000270E 	 A=00000976 	 B=00000049 add  00000000

PC=00000009 	 SP=0000270E 	 A=00000016 	 B=00000976 ldc 22

PC=0000000A 	 SP=0000270E 	 A=00000016 	 B=00000976 stnl 0

PC=0000000B 	 SP=0000270E 	 A=00000015 	 B=00000016 ldc 21

PC=0000000C 	 SP=0000270E 	 A=00000049 	 B=00000016 ldnl 0

PC=0000000D 	 SP=0000270E 	 A=00000048 	 B=00000016 adc -1

PC=0000000E 	 SP=0000270E 	 A=00000048 	 B=00000016 brz 3

PC=0000000F 	 SP=0000270E 	 A=00000015 	 B=00000048 ldc 21

PC=00000010 	 SP=0000270E 	 A=00000015 	 B=00000048 stnl 0

PC=00000003 	 SP=0000270E 	 A=00000015 	 B=00000048 adj -1

PC=00000004 	 SP=0000270E 	 A=00000015 	 B=00000015 ldc 21

PC=00000005 	 SP=0000270E 	 A=00000048 	 B=00000015 ldnl 0

PC=00000006 	 SP=0000270E 	 A=00000016 	 B=00000048 ldc 22

PC=00000007 	 SP=0000270E 	 A=00000976 	 B=00000048 ldnl 0

PC=00000008 	 SP=0000270E 	 A=000009BE 	 B=00000048 add  00000000

PC=00000009 	 SP=0000270E 	 A=00000016 	 B=000009BE ldc 22

PC=0000000A 	 SP=0000270E 	 A=00000016 	 B=000009BE stnl 0

PC=0000000B 	 SP=0000270E 	 A=00000015 	 B=00000016 ldc 21

PC=0000000C 	 SP=0000270E 	 A=00000048 	 B=00000016 ldnl 0

PC=0000000D 	 SP=0000270E 	 A=00000047 	 B=00000016 adc -1

PC=0000000E 	 SP=0000270E 	 A=00000047 	 B=00000016 brz 3

PC=0000000F 	 SP=0000270E 	 A=00000015 	 B=00000047 ldc 21

PC=00000010 	 SP=0000270E 	 A=00000015 	 B=00000047 stnl 0

PC=00000003 	 SP=0000270E 	 A=00000015 	 B=00000047 adj -1

PC=00000004 	 SP=0000270E 	 A=00000015 	 B=00000015 ldc 21

PC=00000005 	 SP=0000270E 	 A=00000047 	 B=00000015 ldnl 0

PC=00000006 	 SP=0000270E 	 A=00000016 	 B=00000047 ldc 22

PC=00000007 	 SP=0000270E 	 A=000009BE 	 B=00000047 ldnl 0

PC=00000008 	 SP=0000270E 	 A=00000A05 	 B=00000047 add  00000000

PC=00000009 	 SP=0000270E 	 A=00000016 	 B=00000A05 ldc 22

PC=0000000A 	 SP=0000270E 	 A=00000016 	 B=00000A05 stnl 0

PC=0000000B 	 SP=0000270E 	 A=00000015 	 B=00000016 ldc 21

PC=0000000C 	 SP=0000270E 	 A=00000047 	 B=00000016 ldnl 0

PC=0000000D 	 SP=0000270E 	 A=00000046 	 B=00000016 adc -1

PC=0000000E 	 SP=0000270E 	 A=00000046 	 B=00000016 brz 3

PC=0000000F 	 SP=0000270E 	 A=00000015 	 B=00000046 ldc 21

PC=00000010 	 SP=0000270E 	 A=00000015 	 B=00000046 stnl 0

PC=00000003 	 SP=0000270E 	 A=00000015 	 B=00000046 adj -1

PC=00000004 	 SP=0000270E 	 A=00000015 	 B=00000015 ldc 21

PC=00000005 	 SP=0000270E 	 A=00000046 	 B=00000015 ldnl 0

PC=00000006 	 SP=0000270E 	 A=00000016 	 B=00000046 ldc 22

PC=00000007 	 SP=0000270E 	 A=00000A05 	 B=00000046 ldnl 0

PC=00000008 	 SP=0000270E 	 A=00000A4B 	 B=00000046 add  00000000

PC=00000009 	 SP=0000270E 	 A=00000016 	 B=00000A4B ldc 22

PC=0000000A 	 SP=0000270E 	 A=00000016 	 B=00000A4B stnl 0

PC=0000000B 	 SP=0000270E 	 A=00000015 	 B=00000016 ldc 21

PC=0000000C 	 SP=0000270E 	 A=00000046 	 B=00000016 ldnl 0

PC=0000000D 	 SP=0000270E 	 A=00000045 	 B=00000016 adc -1

PC=0000000E 	 SP=0000270E 	 A=00000045 	 B=00000016 brz 3

PC=0000000F 	 SP=0000270E 	 A=00000015 	 B=00000045 ldc 21

PC=00000010 	 SP=0000270E 	 A=00000015 	 B=00000045 stnl 0

PC=00000003 	 SP=0000270E 	 A=00000015 	 B=00000045 adj -1

PC=00000004 	 SP=0000270E 	 A=00000015 	 B=00000015 ldc 21

PC=00000005 	 SP=0000270E 	 A=00000045 	 B=00000015 ldnl 0

PC=00000006 	 SP=0000270E 	 A=00000016 	 B=00000045 ldc 22

PC=00000007 	 SP=0000270E 	 A=00000A4B 	 B=00000045 ldnl 0

PC=00000008 	 SP=0000270E 	 A=00000A90 	 B=00000045 add  00000000

PC=00000009 	 SP=0000270E 	 A=00000016 	 B=00000A90 ldc 22

PC=0000000A 	 SP=0000270E 	 A=00000016 	 B=00000A90 stnl 0

PC=0000000B 	 SP=0000270E 	 A=00000015 	 B=00000016 ldc 21

PC=0000000C 	 SP=0000270E 	 A=00000045 	 B=00000016 ldnl 0

PC=0000000D 	 SP=0000270E 	 A=00000044 	 B=00000016 adc -1

PC=0000000E 	 SP=0000270E 	 A=00000044 	 B=00000016 brz 3

PC=0000000F 	 SP=0000270E 	 A=00000015 	 B=00000044 ldc 21

PC=00000010 	 SP=0000270E 	 A=00000015 	 B=00000044 stnl 0

PC=00000003 	 SP=0000270E 	 A=00000015 	 B=00000044 adj -1

PC=00000004 	 SP=0000270E 	 A=00000015 	 B=00000015 ldc 21

PC=00000005 	 SP=0000270E 	 A=00000044 	 B=00000015 ldnl 0

PC=00000006 	 SP=0000270E 	 A=00000016 	 B=00000044 ldc 22

PC=00000007 	 SP=0000270E 	 A=00000A90 	 B=00000044 ldnl 0

PC=00000008 	 SP=0000270E 	 A=00000AD4 	 B=00000044 add  00000000

PC=00000009 	 SP=0000270E 	 A=00000016 	 B=00000AD4 ldc 22

PC=0000000A 	 SP=0000270E 	 A=00000016 	 B=00000AD4 stnl 0

PC=0000000B 	 SP=0000270E 	 A=00000015 	 B=00000016 ldc 21

PC=0000000C 	 SP=0000270E 	 A=00000044 	 B=00000016 ldnl 0

PC=0000000D 	 SP=0000270E 	 A=00000043 	 B=00000016 adc -1

PC=0000000E 	 SP=0000270E 	 A=00000043 	 B=00000016 brz 3

PC=0000000F 	 SP=0000270E 	 A=00000015 	 B=00000043 ldc 21

PC=00000010 	 SP=0000270E 	 A=00000015 	 B=00000043 stnl 0

PC=00000003 	 SP=0000270E 	 A=00000015 	 B=00000043 adj -1

PC=00000004 	 SP=0000270E 	 A=00000015 	 B=00000015 ldc 21

PC=00000005 	 SP=0000270E 	 A=00000043 	 B=00000015 ldnl 0

PC=00000006 	 SP=0000270E 	 A=00000016 	 B=00000043 ldc 22

PC=00000007 	 SP=0000270E 	 A=00000AD4 	 B=00000043 ldnl 0

PC=00000008 	 SP=0000270E 	 A=00000B17 	 B=00000043 add  00000000

PC=00000009 	 SP=0000270E 	 A=00000016 	 B=00000B17 ldc 22

PC=0000000A 	 SP=0000270E 	 A=00000016 	 B=00000B17 stnl 0

PC=0000000B 	 SP=0000270E 	 A=00000015 	 B=00000016 ldc 21

PC=0000000C 	 SP=0000270E 	 A=00000043 	 B=00000016 ldnl 0

PC=0000000D 	 SP=0000270E 	 A=00000042 	 B=00000016 adc -1

PC=0000000E 	 SP=0000270E 	 A=00000042 	 B=00000016 brz 3

PC=0000000F 	 SP=0000270E 	 A=00000015 	 B=00000042 ldc 21

PC=00000010 	 SP=0000270E 	 A=00000015 	 B=00000042 stnl 0

PC=00000003 	 SP=0000270E 	 A=00000015 	 B=00000042 adj -1

PC=00000004 	 SP=0000270E 	 A=00000015 	 B=00000015 ldc 21

PC=00000005 	 SP=0000270E 	 A=00000042 	 B=00000015 ldnl 0

PC=00000006 	 SP=0000270E 	 A=00000016 	 B=00000042 ldc 22

PC=00000007 	 SP=0000270E 	 A=00000B17 	 B=00000042 ldnl 0

PC=00000008 	 SP=0000270E 	 A=00000B59 	 B=00000042 add  00000000

PC=00000009 	 SP=0000270E 	 A=00000016 	 B=00000B59 ldc 22

PC=0000000A 	 SP=0000270E 	 A=00000016 	 B=00000B59 stnl 0

PC=0000000B 	 SP=0000270E 	 A=00000015 	 B=00000016 ldc 21

PC=0000000C 	 SP=0000270E 	 A=00000042 	 B=00000016 ldnl 0

PC=0000000D 	 SP=0000270E 	 A=00000041 	 B=00000016 adc -1

PC=0000000E 	 SP=0000270E 	 A=00000041 	 B=00000016 brz 3

PC=0000000F 	 SP=0000270E 	 A=00000015 	 B=00000041 ldc 21

PC=00000010 	 SP=0000270E 	 A=00000015 	 B=00000041 stnl 0

PC=00000003 	 SP=0000270E 	 A=00000015 	 B=00000041 adj -1

PC=00000004 	 SP=0000270E 	 A=00000015 	 B=00000015 ldc 21

PC=00000005 	 SP=0000270E 	 A=00000041 	 B=00000015 ldnl 0

PC=00000006 	 SP=0000270E 	 A=00000016 	 B=00000041 ldc 22

PC=00000007 	 SP=0000270E 	 A=00000B59 	 B=00000041 ldnl 0

PC=00000008 	 SP=0000270E 	 A=00000B9A 	 B=00000041 add  00000000

PC=00000009 	 SP=0000270E 	 A=00000016 	 B=00000B9A ldc 22

PC=0000000A 	 SP=0000270E 	 A=00000016 	 B=00000B9A stnl 0

PC=0000000B 	 SP=0000270E 	 A=00000015 	 B=00000016 ldc 21

PC=0000000C 	 SP=0000270E 	 A=00000041 	 B=00000016 ldnl 0

PC=0000000D 	 SP=0000270E 	 A=00000040 	 B=00000016 adc -1

PC=0000000E 	 SP=0000270E 	 A=00000040 	 B=00000016 brz 3

PC=0000000F 	 SP=0000270E 	 A=00000015 	 B=00000040 ldc 21

PC=00000010 	 SP=0000270E 	 A=00000015 	 B=00000040 stnl 0

PC=00000003 	 SP=0000270E 	 A=00000015 	 B=00000040 adj -1

PC=00000004 	 SP=0000270E 	 A=00000015 	 B=00000015 ldc 21

PC=00000005 	 SP=0000270E 	 A=00000040 	 B=00000015 ldnl 0

PC=00000006 	 SP=0000270E 	 A=00000016 	 B=00000040 ldc 22

PC=00000007 	 SP=0000270E 	 A=00000B9A 	 B=00000040 ldnl 0

PC=00000008 	 SP=0000270E 	 A=00000BDA 	 B=00000040 add  00000000

PC=00000009 	 SP=0000270E 	 A=00000016 	 B=00000BDA ldc 22

PC=0000000A 	 SP=0000270E 	 A=00000016 	 B=00000BDA stnl 0

PC=0000000B 	 SP=0000270E 	 A=00000015 	 B=00000016 ldc 21

PC=0000000C 	 SP=0000270E 	 A=00000040 	 B=00000016 ldnl 0

PC=0000000D 	 SP=0000270E 	 A=0000003F 	 B=00000016 adc -1

PC=0000000E 	 SP=0000270E 	 A=0000003F 	 B=00000016 brz 3

PC=0000000F 	 SP=0000270E 	 A=00000015 	 B=0000003F ldc 21

PC=00000010 	 SP=0000270E 	 A=00000015 	 B=0000003F stnl 0

PC=00000003 	 SP=0000270E 	 A=00000015 	 B=0000003F adj -1

PC=00000004 	 SP=0000270E 	 A=00000015 	 B=00000015 ldc 21

PC=00000005 	 SP=0000270E 	 A=0000003F 	 B=00000015 ldnl 0

PC=00000006 	 SP=0000270E 	 A=00000016 	 B=0000003F ldc 22

PC=00000007 	 SP=0000270E 	 A=00000BDA 	 B=0000003F ldnl 0

PC=00000008 	 SP=0000270E 	 A=00000C19 	 B=0000003F add  00000000

PC=00000009 	 SP=0000270E 	 A=00000016 	 B=00000C19 ldc 22

PC=0000000A 	 SP=0000270E 	 A=00000016 	 B=00000C19 stnl 0

PC=0000000B 	 SP=0000270E 	 A=00000015 	 B=00000016 ldc 21

PC=0000000C 	 SP=0000270E 	 A=0000003F 	 B=00000016 ldnl 0

PC=0000000D 	 SP=0000270E 	 A=0000003E 	 B=00000016 adc -1

PC=0000000E 	 SP=0000270E 	 A=0000003E 	 B=00000016 brz 3

PC=0000000F 	 SP=0000270E 	 A=00000015 	 B=0000003E ldc 21

PC=00000010 	 SP=0000270E 	 A=00000015 	 B=0000003E stnl 0

PC=00000003 	 SP=0000270E 	 A=00000015 	 B=0000003E adj -1

PC=00000004 	 SP=0000270E 	 A=00000015 	 B=00000015 ldc 21

PC=00000005 	 SP=0000270E 	 A=0000003E 	 B=00000015 ldnl 0

PC=00000006 	 SP=0000270E 	 A=00000016 	 B=0000003E ldc 22

PC=00000007 	 SP=0000270E 	 A=00000C19 	 B=0000003E ldnl 0

PC=00000008 	 SP=0000270E 	 A=00000C57 	 B=0000003E add  00000000

PC=00000009 	 SP=0000270E 	 A=00000016 	 B=00000C57 ldc 22

PC=0000000A 	 SP=0000270E 	 A=00000016 	 B=00000C57 stnl 0

PC=0000000B 	 SP=0000270E 	 A=00000015 	 B=00000016 ldc 21

PC=0000000C 	 SP=0000270E 	 A=0000003E 	 B=00000016 ldnl 0

PC=0000000D 	 SP=0000270E 	 A=0000003D 	 B=00000016 adc -1

PC=0000000E 	 SP=0000270E 	 A=0000003D 	 B=00000016 brz 3

PC=0000000F 	 SP=0000270E 	 A=00000015 	 B=0000003D ldc 21

PC=00000010 	 SP=0000270E 	 A=00000015 	 B=0000003D stnl 0

PC=00000003 	 SP=0000270E 	 A=00000015 	 B=0000003D adj -1

PC=00000004 	 SP=0000270E 	 A=00000015 	 B=00000015 ldc 21

PC=00000005 	 SP=0000270E 	 A=0000003D 	 B=00000015 ldnl 0

PC=00000006 	 SP=0000270E 	 A=00000016 	 B=0000003D ldc 22

PC=00000007 	 SP=0000270E 	 A=00000C57 	 B=0000003D ldnl 0

PC=00000008 	 SP=0000270E 	 A=00000C94 	 B=0000003D add  00000000

PC=00000009 	 SP=0000270E 	 A=00000016 	 B=00000C94 ldc 22

PC=0000000A 	 SP=0000270E 	 A=00000016 	 B=00000C94 stnl 0

PC=0000000B 	 SP=0000270E 	 A=00000015 	 B=00000016 ldc 21

PC=0000000C 	 SP=0000270E 	 A=0000003D 	 B=00000016 ldnl 0

PC=0000000D 	 SP=0000270E 	 A=0000003C 	 B=00000016 adc -1

PC=0000000E 	 SP=0000270E 	 A=0000003C 	 B=00000016 brz 3

PC=0000000F 	 SP=0000270E 	 A=00000015 	 B=0000003C ldc 21

PC=00000010 	 SP=0000270E 	 A=00000015 	 B=0000003C stnl 0

PC=00000003 	 SP=0000270E 	 A=00000015 	 B=0000003C adj -1

PC=00000004 	 SP=0000270E 	 A=00000015 	 B=00000015 ldc 21

PC=00000005 	 SP=0000270E 	 A=0000003C 	 B=00000015 ldnl 0

PC=00000006 	 SP=0000270E 	 A=00000016 	 B=0000003C ldc 22

PC=00000007 	 SP=0000270E 	 A=00000C94 	 B=0000003C ldnl 0

PC=00000008 	 SP=0000270E 	 A=00000CD0 	 B=0000003C add  00000000

PC=00000009 	 SP=0000270E 	 A=00000016 	 B=00000CD0 ldc 22

PC=0000000A 	 SP=0000270E 	 A=00000016 	 B=00000CD0 stnl 0

PC=0000000B 	 SP=0000270E 	 A=00000015 	 B=00000016 ldc 21

PC=0000000C 	 SP=0000270E 	 A=0000003C 	 B=00000016 ldnl 0

PC=0000000D 	 SP=0000270E 	 A=0000003B 	 B=00000016 adc -1

PC=0000000E 	 SP=0000270E 	 A=0000003B 	 B=00000016 brz 3

PC=0000000F 	 SP=0000270E 	 A=00000015 	 B=0000003B ldc 21

PC=00000010 	 SP=0000270E 	 A=00000015 	 B=0000003B stnl 0

PC=00000003 	 SP=0000270E 	 A=00000015 	 B=0000003B adj -1

PC=00000004 	 SP=0000270E 	 A=00000015 	 B=00000015 ldc 21

PC=00000005 	 SP=0000270E 	 A=0000003B 	 B=00000015 ldnl 0

PC=00000006 	 SP=0000270E 	 A=00000016 	 B=0000003B ldc 22

PC=00000007 	 SP=0000270E 	 A=00000CD0 	 B=0000003B ldnl 0

PC=00000008 	 SP=0000270E 	 A=00000D0B 	 B=0000003B add  00000000

PC=00000009 	 SP=0000270E 	 A=00000016 	 B=00000D0B ldc 22

PC=0000000A 	 SP=0000270E 	 A=00000016 	 B=00000D0B stnl 0

PC=0000000B 	 SP=0000270E 	 A=00000015 	 B=00000016 ldc 21

PC=0000000C 	 SP=0000270E 	 A=0000003B 	 B=00000016 ldnl 0

PC=0000000D 	 SP=0000270E 	 A=0000003A 	 B=00000016 adc -1

PC=0000000E 	 SP=0000270E 	 A=0000003A 	 B=00000016 brz 3

PC=0000000F 	 SP=0000270E 	 A=00000015 	 B=0000003A ldc 21

PC=00000010 	 SP=0000270E 	 A=00000015 	 B=0000003A stnl 0

PC=00000003 	 SP=0000270E 	 A=00000015 	 B=0000003A adj -1

PC=00000004 	 SP=0000270E 	 A=00000015 	 B=00000015 ldc 21

PC=00000005 	 SP=0000270E 	 A=0000003A 	 B=00000015 ldnl 0

PC=00000006 	 SP=0000270E 	 A=00000016 	 B=0000003A ldc 22

PC=00000007 	 SP=0000270E 	 A=00000D0B 	 B=0000003A ldnl 0

PC=00000008 	 SP=0000270E 	 A=00000D45 	 B=0000003A add  00000000

PC=00000009 	 SP=0000270E 	 A=00000016 	 B=00000D45 ldc 22

PC=0000000A 	 SP=0000270E 	 A=00000016 	 B=00000D45 stnl 0

PC=0000000B 	 SP=0000270E 	 A=00000015 	 B=00000016 ldc 21

PC=0000000C 	 SP=0000270E 	 A=0000003A 	 B=00000016 ldnl 0

PC=0000000D 	 SP=0000270E 	 A=00000039 	 B=00000016 adc -1

PC=0000000E 	 SP=0000270E 	 A=00000039 	 B=00000016 brz 3

PC=0000000F 	 SP=0000270E 	 A=00000015 	 B=00000039 ldc 21

PC=00000010 	 SP=0000270E 	 A=00000015 	 B=00000039 stnl 0

PC=00000003 	 SP=0000270E 	 A=00000015 	 B=00000039 adj -1

PC=00000004 	 SP=0000270E 	 A=00000015 	 B=00000015 ldc 21

PC=00000005 	 SP=0000270E 	 A=00000039 	 B=00000015 ldnl 0

PC=00000006 	 SP=0000270E 	 A=00000016 	 B=00000039 ldc 22

PC=00000007 	 SP=0000270E 	 A=00000D45 	 B=00000039 ldnl 0

PC=00000008 	 SP=0000270E 	 A=00000D7E 	 B=00000039 add  00000000

PC=00000009 	 SP=0000270E 	 A=00000016 	 B=00000D7E ldc 22

PC=0000000A 	 SP=0000270E 	 A=00000016 	 B=00000D7E stnl 0

PC=0000000B 	 SP=0000270E 	 A=00000015 	 B=00000016 ldc 21

PC=0000000C 	 SP=0000270E 	 A=00000039 	 B=00000016 ldnl 0

PC=0000000D 	 SP=0000270E 	 A=00000038 	 B=00000016 adc -1

PC=0000000E 	 SP=0000270E 	 A=00000038 	 B=00000016 brz 3

PC=0000000F 	 SP=0000270E 	 A=00000015 	 B=00000038 ldc 21

PC=00000010 	 SP=0000270E 	 A=00000015 	 B=00000038 stnl 0

PC=00000003 	 SP=0000270E 	 A=00000015 	 B=00000038 adj -1

PC=00000004 	 SP=0000270E 	 A=00000015 	 B=00000015 ldc 21

PC=00000005 	 SP=0000270E 	 A=00000038 	 B=00000015 ldnl 0

PC=00000006 	 SP=0000270E 	 A=00000016 	 B=00000038 ldc 22

PC=00000007 	 SP=0000270E 	 A=00000D7E 	 B=00000038 ldnl 0

PC=00000008 	 SP=0000270E 	 A=00000DB6 	 B=00000038 add  00000000

PC=00000009 	 SP=0000270E 	 A=00000016 	 B=00000DB6 ldc 22

PC=0000000A 	 SP=0000270E 	 A=00000016 	 B=00000DB6 stnl 0

PC=0000000B 	 SP=0000270E 	 A=00000015 	 B=00000016 ldc 21

PC=0000000C 	 SP=0000270E 	 A=00000038 	 B=00000016 ldnl 0

PC=0000000D 	 SP=0000270E 	 A=00000037 	 B=00000016 adc -1

PC=0000000E 	 SP=0000270E 	 A=00000037 	 B=00000016 brz 3

PC=0000000F 	 SP=0000270E 	 A=00000015 	 B=00000037 ldc 21

PC=00000010 	 SP=0000270E 	 A=00000015 	 B=00000037 stnl 0

PC=00000003 	 SP=0000270E 	 A=00000015 	 B=00000037 adj -1

PC=00000004 	 SP=0000270E 	 A=00000015 	 B=00000015 ldc 21

PC=00000005 	 SP=0000270E 	 A=00000037 	 B=00000015 ldnl 0

PC=00000006 	 SP=0000270E 	 A=00000016 	 B=00000037 ldc 22

PC=00000007 	 SP=0000270E 	 A=00000DB6 	 B=00000037 ldnl 0

PC=00000008 	 SP=0000270E 	 A=00000DED 	 B=00000037 add  00000000

PC=00000009 	 SP=0000270E 	 A=00000016 	 B=00000DED ldc 22

PC=0000000A 	 SP=0000270E 	 A=00000016 	 B=00000DED stnl 0

PC=0000000B 	 SP=0000270E 	 A=00000015 	 B=00000016 ldc 21

PC=0000000C 	 SP=0000270E 	 A=00000037 	 B=00000016 ldnl 0

PC=0000000D 	 SP=0000270E 	 A=00000036 	 B=00000016 adc -1

PC=0000000E 	 SP=0000270E 	 A=00000036 	 B=00000016 brz 3

PC=0000000F 	 SP=0000270E 	 A=00000015 	 B=00000036 ldc 21

PC=00000010 	 SP=0000270E 	 A=00000015 	 B=00000036 stnl 0

PC=00000003 	 SP=0000270E 	 A=00000015 	 B=00000036 adj -1

PC=00000004 	 SP=0000270E 	 A=00000015 	 B=00000015 ldc 21

PC=00000005 	 SP=0000270E 	 A=00000036 	 B=00000015 ldnl 0

PC=00000006 	 SP=0000270E 	 A=00000016 	 B=00000036 ldc 22

PC=00000007 	 SP=0000270E 	 A=00000DED 	 B=00000036 ldnl 0

PC=00000008 	 SP=0000270E 	 A=00000E23 	 B=00000036 add  00000000

PC=00000009 	 SP=0000270E 	 A=00000016 	 B=00000E23 ldc 22

PC=0000000A 	 SP=0000270E 	 A=00000016 	 B=00000E23 stnl 0

PC=0000000B 	 SP=0000270E 	 A=00000015 	 B=00000016 ldc 21

PC=0000000C 	 SP=0000270E 	 A=00000036 	 B=00000016 ldnl 0

PC=0000000D 	 SP=0000270E 	 A=00000035 	 B=00000016 adc -1

PC=0000000E 	 SP=0000270E 	 A=00000035 	 B=00000016 brz 3

PC=0000000F 	 SP=0000270E 	 A=00000015 	 B=00000035 ldc 21

PC=00000010 	 SP=0000270E 	 A=00000015 	 B=00000035 stnl 0

PC=00000003 	 SP=0000270E 	 A=00000015 	 B=00000035 adj -1

PC=00000004 	 SP=0000270E 	 A=00000015 	 B=00000015 ldc 21

PC=00000005 	 SP=0000270E 	 A=00000035 	 B=00000015 ldnl 0

PC=00000006 	 SP=0000270E 	 A=00000016 	 B=00000035 ldc 22

PC=00000007 	 SP=0000270E 	 A=00000E23 	 B=00000035 ldnl 0

PC=00000008 	 SP=0000270E 	 A=00000E58 	 B=00000035 add  00000000

PC=00000009 	 SP=0000270E 	 A=00000016 	 B=00000E58 ldc 22

PC=0000000A 	 SP=0000270E 	 A=00000016 	 B=00000E58 stnl 0

PC=0000000B 	 SP=0000270E 	 A=00000015 	 B=00000016 ldc 21

PC=0000000C 	 SP=0000270E 	 A=00000035 	 B=00000016 ldnl 0

PC=0000000D 	 SP=0000270E 	 A=00000034 	 B=00000016 adc -1

PC=0000000E 	 SP=0000270E 	 A=00000034 	 B=00000016 brz 3

PC=0000000F 	 SP=0000270E 	 A=00000015 	 B=00000034 ldc 21

PC=00000010 	 SP=0000270E 	 A=00000015 	 B=00000034 stnl 0

PC=00000003 	 SP=0000270E 	 A=00000015 	 B=00000034 adj -1

PC=00000004 	 SP=0000270E 	 A=00000015 	 B=00000015 ldc 21

PC=00000005 	 SP=0000270E 	 A=00000034 	 B=00000015 ldnl 0

PC=00000006 	 SP=0000270E 	 A=00000016 	 B=00000034 ldc 22

PC=00000007 	 SP=0000270E 	 A=00000E58 	 B=00000034 ldnl 0

PC=00000008 	 SP=0000270E 	 A=00000E8C 	 B=00000034 add  00000000

PC=00000009 	 SP=0000270E 	 A=00000016 	 B=00000E8C ldc 22

PC=0000000A 	 SP=0000270E 	 A=00000016 	 B=00000E8C stnl 0

PC=0000000B 	 SP=0000270E 	 A=00000015 	 B=00000016 ldc 21

PC=0000000C 	 SP=0000270E 	 A=00000034 	 B=00000016 ldnl 0

PC=0000000D 	 SP=0000270E 	 A=00000033 	 B=00000016 adc -1

PC=0000000E 	 SP=0000270E 	 A=00000033 	 B=00000016 brz 3

PC=0000000F 	 SP=0000270E 	 A=00000015 	 B=00000033 ldc 21

PC=00000010 	 SP=0000270E 	 A=00000015 	 B=00000033 stnl 0

PC=00000003 	 SP=0000270E 	 A=00000015 	 B=00000033 adj -1

PC=00000004 	 SP=0000270E 	 A=00000015 	 B=00000015 ldc 21

PC=00000005 	 SP=0000270E 	 A=00000033 	 B=00000015 ldnl 0

PC=00000006 	 SP=0000270E 	 A=00000016 	 B=00000033 ldc 22

PC=00000007 	 SP=0000270E 	 A=00000E8C 	 B=00000033 ldnl 0

PC=00000008 	 SP=0000270E 	 A=00000EBF 	 B=00000033 add  00000000

PC=00000009 	 SP=0000270E 	 A=00000016 	 B=00000EBF ldc 22

PC=0000000A 	 SP=0000270E 	 A=00000016 	 B=00000EBF stnl 0

PC=0000000B 	 SP=0000270E 	 A=00000015 	 B=00000016 ldc 21

PC=0000000C 	 SP=0000270E 	 A=00000033 	 B=00000016 ldnl 0

PC=0000000D 	 SP=0000270E 	 A=00000032 	 B=00000016 adc -1

PC=0000000E 	 SP=0000270E 	 A=00000032 	 B=00000016 brz 3

PC=0000000F 	 SP=0000270E 	 A=00000015 	 B=00000032 ldc 21

PC=00000010 	 SP=0000270E 	 A=00000015 	 B=00000032 stnl 0

PC=00000003 	 SP=0000270E 	 A=00000015 	 B=00000032 adj -1

PC=00000004 	 SP=0000270E 	 A=00000015 	 B=00000015 ldc 21

PC=00000005 	 SP=0000270E 	 A=00000032 	 B=00000015 ldnl 0

PC=00000006 	 SP=0000270E 	 A=00000016 	 B=00000032 ldc 22

PC=00000007 	 SP=0000270E 	 A=00000EBF 	 B=00000032 ldnl 0

PC=00000008 	 SP=0000270E 	 A=00000EF1 	 B=00000032 add  00000000

PC=00000009 	 SP=0000270E 	 A=00000016 	 B=00000EF1 ldc 22

PC=0000000A 	 SP=0000270E 	 A=00000016 	 B=00000EF1 stnl 0

PC=0000000B 	 SP=0000270E 	 A=00000015 	 B=00000016 ldc 21

PC=0000000C 	 SP=0000270E 	 A=00000032 	 B=00000016 ldnl 0

PC=0000000D 	 SP=0000270E 	 A=00000031 	 B=00000016 adc -1

PC=0000000E 	 SP=0000270E 	 A=00000031 	 B=00000016 brz 3

PC=0000000F 	 SP=0000270E 	 A=00000015 	 B=00000031 ldc 21

PC=00000010 	 SP=0000270E 	 A=00000015 	 B=00000031 stnl 0

PC=00000003 	 SP=0000270E 	 A=00000015 	 B=00000031 adj -1

PC=00000004 	 SP=0000270E 	 A=00000015 	 B=00000015 ldc 21

PC=00000005 	 SP=0000270E 	 A=00000031 	 B=00000015 ldnl 0

PC=00000006 	 SP=0000270E 	 A=00000016 	 B=00000031 ldc 22

PC=00000007 	 SP=0000270E 	 A=00000EF1 	 B=00000031 ldnl 0

PC=00000008 	 SP=0000270E 	 A=00000F22 	 B=00000031 add  00000000

PC=00000009 	 SP=0000270E 	 A=00000016 	 B=00000F22 ldc 22

PC=0000000A 	 SP=0000270E 	 A=00000016 	 B=00000F22 stnl 0

PC=0000000B 	 SP=0000270E 	 A=00000015 	 B=00000016 ldc 21

PC=0000000C 	 SP=0000270E 	 A=00000031 	 B=00000016 ldnl 0

PC=0000000D 	 SP=0000270E 	 A=00000030 	 B=00000016 adc -1

PC=0000000E 	 SP=0000270E 	 A=00000030 	 B=00000016 brz 3

PC=0000000F 	 SP=0000270E 	 A=00000015 	 B=00000030 ldc 21

PC=00000010 	 SP=0000270E 	 A=00000015 	 B=00000030 stnl 0

PC=00000003 	 SP=0000270E 	 A=00000015 	 B=00000030 adj -1

PC=00000004 	 SP=0000270E 	 A=00000015 	 B=00000015 ldc 21

PC=00000005 	 SP=0000270E 	 A=00000030 	 B=00000015 ldnl 0

PC=00000006 	 SP=0000270E 	 A=00000016 	 B=00000030 ldc 22

PC=00000007 	 SP=0000270E 	 A=00000F22 	 B=00000030 ldnl 0

PC=00000008 	 SP=0000270E 	 A=00000F52 	 B=00000030 add  00000000

PC=00000009 	 SP=0000270E 	 A=00000016 	 B=00000F52 ldc 22

PC=0000000A 	 SP=0000270E 	 A=00000016 	 B=00000F52 stnl 0

PC=0000000B 	 SP=0000270E 	 A=00000015 	 B=00000016 ldc 21

PC=0000000C 	 SP=0000270E 	 A=00000030 	 B=00000016 ldnl 0

PC=0000000D 	 SP=0000270E 	 A=0000002F 	 B=00000016 adc -1

PC=0000000E 	 SP=0000270E 	 A=0000002F 	 B=00000016 brz 3

PC=0000000F 	 SP=0000270E 	 A=00000015 	 B=0000002F ldc 21

PC=00000010 	 SP=0000270E 	 A=00000015 	 B=0000002F stnl 0

PC=00000003 	 SP=0000270E 	 A=00000015 	 B=0000002F adj -1

PC=00000004 	 SP=0000270E 	 A=00000015 	 B=00000015 ldc 21

PC=00000005 	 SP=0000270E 	 A=0000002F 	 B=00000015 ldnl 0

PC=00000006 	 SP=0000270E 	 A=00000016 	 B=0000002F ldc 22

PC=00000007 	 SP=0000270E 	 A=00000F52 	 B=0000002F ldnl 0

PC=00000008 	 SP=0000270E 	 A=00000F81 	 B=0000002F add  00000000

PC=00000009 	 SP=0000270E 	 A=00000016 	 B=00000F81 ldc 22

PC=0000000A 	 SP=0000270E 	 A=00000016 	 B=00000F81 stnl 0

PC=0000000B 	 SP=0000270E 	 A=00000015 	 B=00000016 ldc 21

PC=0000000C 	 SP=0000270E 	 A=0000002F 	 B=00000016 ldnl 0

PC=0000000D 	 SP=0000270E 	 A=0000002E 	 B=00000016 adc -1

PC=0000000E 	 SP=0000270E 	 A=0000002E 	 B=00000016 brz 3

PC=0000000F 	 SP=0000270E 	 A=00000015 	 B=0000002E ldc 21

PC=00000010 	 SP=0000270E 	 A=00000015 	 B=0000002E stnl 0

PC=00000003 	 SP=0000270E 	 A=00000015 	 B=0000002E adj -1

PC=00000004 	 SP=0000270E 	 A=00000015 	 B=00000015 ldc 21

PC=00000005 	 SP=0000270E 	 A=0000002E 	 B=00000015 ldnl 0

PC=00000006 	 SP=0000270E 	 A=00000016 	 B=0000002E ldc 22

PC=00000007 	 SP=0000270E 	 A=00000F81 	 B=0000002E ldnl 0

PC=00000008 	 SP=0000270E 	 A=00000FAF 	 B=0000002E add  00000000

PC=00000009 	 SP=0000270E 	 A=00000016 	 B=00000FAF ldc 22

PC=0000000A 	 SP=0000270E 	 A=00000016 	 B=00000FAF stnl 0

PC=0000000B 	 SP=0000270E 	 A=00000015 	 B=00000016 ldc 21

PC=0000000C 	 SP=0000270E 	 A=0000002E 	 B=00000016 ldnl 0

PC=0000000D 	 SP=0000270E 	 A=0000002D 	 B=00000016 adc -1

PC=0000000E 	 SP=0000270E 	 A=0000002D 	 B=00000016 brz 3

PC=0000000F 	 SP=0000270E 	 A=00000015 	 B=0000002D ldc 21

PC=00000010 	 SP=0000270E 	 A=00000015 	 B=0000002D stnl 0

PC=00000003 	 SP=0000270E 	 A=00000015 	 B=0000002D adj -1

PC=00000004 	 SP=0000270E 	 A=00000015 	 B=00000015 ldc 21

PC=00000005 	 SP=0000270E 	 A=0000002D 	 B=00000015 ldnl 0

PC=00000006 	 SP=0000270E 	 A=00000016 	 B=0000002D ldc 22

PC=00000007 	 SP=0000270E 	 A=00000FAF 	 B=0000002D ldnl 0

PC=00000008 	 SP=0000270E 	 A=00000FDC 	 B=0000002D add  00000000

PC=00000009 	 SP=0000270E 	 A=00000016 	 B=00000FDC ldc 22

PC=0000000A 	 SP=0000270E 	 A=00000016 	 B=00000FDC stnl 0

PC=0000000B 	 SP=0000270E 	 A=00000015 	 B=00000016 ldc 21

PC=0000000C 	 SP=0000270E 	 A=0000002D 	 B=00000016 ldnl 0

PC=0000000D 	 SP=0000270E 	 A=0000002C 	 B=00000016 adc -1

PC=0000000E 	 SP=0000270E 	 A=0000002C 	 B=00000016 brz 3

PC=0000000F 	 SP=0000270E 	 A=00000015 	 B=0000002C ldc 21

PC=00000010 	 SP=0000270E 	 A=00000015 	 B=0000002C stnl 0

PC=00000003 	 SP=0000270E 	 A=00000015 	 B=0000002C adj -1

PC=00000004 	 SP=0000270E 	 A=00000015 	 B=00000015 ldc 21

PC=00000005 	 SP=0000270E 	 A=0000002C 	 B=00000015 ldnl 0

PC=00000006 	 SP=0000270E 	 A=00000016 	 B=0000002C ldc 22

PC=00000007 	 SP=0000270E 	 A=00000FDC 	 B=0000002C ldnl 0

PC=00000008 	 SP=0000270E 	 A=00001008 	 B=0000002C add  00000000

PC=00000009 	 SP=0000270E 	 A=00000016 	 B=00001008 ldc 22

PC=0000000A 	 SP=0000270E 	 A=00000016 	 B=00001008 stnl 0

PC=0000000B 	 SP=0000270E 	 A=00000015 	 B=00000016 ldc 21

PC=0000000C 	 SP=0000270E 	 A=0000002C 	 B=00000016 ldnl 0

PC=0000000D 	 SP=0000270E 	 A=0000002B 	 B=00000016 adc -1

PC=0000000E 	 SP=0000270E 	 A=0000002B 	 B=00000016 brz 3

PC=0000000F 	 SP=0000270E 	 A=00000015 	 B=0000002B ldc 21

PC=00000010 	 SP=0000270E 	 A=00000015 	 B=0000002B stnl 0

PC=00000003 	 SP=0000270E 	 A=00000015 	 B=0000002B adj -1

PC=00000004 	 SP=0000270E 	 A=00000015 	 B=00000015 ldc 21

PC=00000005 	 SP=0000270E 	 A=0000002B 	 B=00000015 ldnl 0

PC=00000006 	 SP=0000270E 	 A=00000016 	 B=0000002B ldc 22

PC=00000007 	 SP=0000270E 	 A=00001008 	 B=0000002B ldnl 0

PC=00000008 	 SP=0000270E 	 A=00001033 	 B=0000002B add  00000000

PC=00000009 	 SP=0000270E 	 A=00000016 	 B=00001033 ldc 22

PC=0000000A 	 SP=0000270E 	 A=00000016 	 B=00001033 stnl 0

PC=0000000B 	 SP=0000270E 	 A=00000015 	 B=00000016 ldc 21

PC=0000000C 	 SP=0000270E 	 A=0000002B 	 B=00000016 ldnl 0

PC=0000000D 	 SP=0000270E 	 A=0000002A 	 B=00000016 adc -1

PC=0000000E 	 SP=0000270E 	 A=0000002A 	 B=00000016 brz 3

PC=0000000F 	 SP=0000270E 	 A=00000015 	 B=0000002A ldc 21

PC=00000010 	 SP=0000270E 	 A=00000015 	 B=0000002A stnl 0

PC=00000003 	 SP=0000270E 	 A=00000015 	 B=0000002A adj -1

PC=00000004 	 SP=0000270E 	 A=00000015 	 B=00000015 ldc 21

PC=00000005 	 SP=0000270E 	 A=0000002A 	 B=00000015 ldnl 0

PC=00000006 	 SP=0000270E 	 A=00000016 	 B=0000002A ldc 22

PC=00000007 	 SP=0000270E 	 A=00001033 	 B=0000002A ldnl 0

PC=00000008 	 SP=0000270E 	 A=0000105D 	 B=0000002A add  00000000

PC=00000009 	 SP=0000270E 	 A=00000016 	 B=0000105D ldc 22

PC=0000000A 	 SP=0000270E 	 A=00000016 	 B=0000105D stnl 0

PC=0000000B 	 SP=0000270E 	 A=00000015 	 B=00000016 ldc 21

PC=0000000C 	 SP=0000270E 	 A=0000002A 	 B=00000016 ldnl 0

PC=0000000D 	 SP=0000270E 	 A=00000029 	 B=00000016 adc -1

PC=0000000E 	 SP=0000270E 	 A=00000029 	 B=00000016 brz 3

PC=0000000F 	 SP=0000270E 	 A=00000015 	 B=00000029 ldc 21

PC=00000010 	 SP=0000270E 	 A=00000015 	 B=00000029 stnl 0

PC=00000003 	 SP=0000270E 	 A=00000015 	 B=00000029 adj -1

PC=00000004 	 SP=0000270E 	 A=00000015 	 B=00000015 ldc 21

PC=00000005 	 SP=0000270E 	 A=00000029 	 B=00000015 ldnl 0

PC=00000006 	 SP=0000270E 	 A=00000016 	 B=00000029 ldc 22

PC=00000007 	 SP=0000270E 	 A=0000105D 	 B=00000029 ldnl 0

PC=00000008 	 SP=0000270E 	 A=00001086 	 B=00000029 add  00000000

PC=00000009 	 SP=0000270E 	 A=00000016 	 B=00001086 ldc 22

PC=0000000A 	 SP=0000270E 	 A=00000016 	 B=00001086 stnl 0

PC=0000000B 	 SP=0000270E 	 A=00000015 	 B=00000016 ldc 21

PC=0000000C 	 SP=0000270E 	 A=00000029 	 B=00000016 ldnl 0

PC=0000000D 	 SP=0000270E 	 A=00000028 	 B=00000016 adc -1

PC=0000000E 	 SP=0000270E 	 A=00000028 	 B=00000016 brz 3

PC=0000000F 	 SP=0000270E 	 A=00000015 	 B=00000028 ldc 21

PC=00000010 	 SP=0000270E 	 A=00000015 	 B=00000028 stnl 0

PC=00000003 	 SP=0000270E 	 A=00000015 	 B=00000028 adj -1

PC=00000004 	 SP=0000270E 	 A=00000015 	 B=00000015 ldc 21

PC=00000005 	 SP=0000270E 	 A=00000028 	 B=00000015 ldnl 0

PC=00000006 	 SP=0000270E 	 A=00000016 	 B=00000028 ldc 22

PC=00000007 	 SP=0000270E 	 A=00001086 	 B=00000028 ldnl 0

PC=00000008 	 SP=0000270E 	 A=000010AE 	 B=00000028 add  00000000

PC=00000009 	 SP=0000270E 	 A=00000016 	 B=000010AE ldc 22

PC=0000000A 	 SP=0000270E 	 A=00000016 	 B=000010AE stnl 0

PC=0000000B 	 SP=0000270E 	 A=00000015 	 B=00000016 ldc 21

PC=0000000C 	 SP=0000270E 	 A=00000028 	 B=00000016 ldnl 0

PC=0000000D 	 SP=0000270E 	 A=00000027 	 B=00000016 adc -1

PC=0000000E 	 SP=0000270E 	 A=00000027 	 B=00000016 brz 3

PC=0000000F 	 SP=0000270E 	 A=00000015 	 B=00000027 ldc 21

PC=00000010 	 SP=0000270E 	 A=00000015 	 B=00000027 stnl 0

PC=00000003 	 SP=0000270E 	 A=00000015 	 B=00000027 adj -1

PC=00000004 	 SP=0000270E 	 A=00000015 	 B=00000015 ldc 21

PC=00000005 	 SP=0000270E 	 A=00000027 	 B=00000015 ldnl 0

PC=00000006 	 SP=0000270E 	 A=00000016 	 B=00000027 ldc 22

PC=00000007 	 SP=0000270E 	 A=000010AE 	 B=00000027 ldnl 0

PC=00000008 	 SP=0000270E 	 A=000010D5 	 B=00000027 add  00000000

PC=00000009 	 SP=0000270E 	 A=00000016 	 B=000010D5 ldc 22

PC=0000000A 	 SP=0000270E 	 A=00000016 	 B=000010D5 stnl 0

PC=0000000B 	 SP=0000270E 	 A=00000015 	 B=00000016 ldc 21

PC=0000000C 	 SP=0000270E 	 A=00000027 	 B=00000016 ldnl 0

PC=0000000D 	 SP=0000270E 	 A=00000026 	 B=00000016 adc -1

PC=0000000E 	 SP=0000270E 	 A=00000026 	 B=00000016 brz 3

PC=0000000F 	 SP=0000270E 	 A=00000015 	 B=00000026 ldc 21

PC=00000010 	 SP=0000270E 	 A=00000015 	 B=00000026 stnl 0

PC=00000003 	 SP=0000270E 	 A=00000015 	 B=00000026 adj -1

PC=00000004 	 SP=0000270E 	 A=00000015 	 B=00000015 ldc 21

PC=00000005 	 SP=0000270E 	 A=00000026 	 B=00000015 ldnl 0

PC=00000006 	 SP=0000270E 	 A=00000016 	 B=00000026 ldc 22

PC=00000007 	 SP=0000270E 	 A=000010D5 	 B=00000026 ldnl 0

PC=00000008 	 SP=0000270E 	 A=000010FB 	 B=00000026 add  00000000

PC=00000009 	 SP=0000270E 	 A=00000016 	 B=000010FB ldc 22

PC=0000000A 	 SP=0000270E 	 A=00000016 	 B=000010FB stnl 0

PC=0000000B 	 SP=0000270E 	 A=00000015 	 B=00000016 ldc 21

PC=0000000C 	 SP=0000270E 	 A=00000026 	 B=00000016 ldnl 0

PC=0000000D 	 SP=0000270E 	 A=00000025 	 B=00000016 adc -1

PC=0000000E 	 SP=0000270E 	 A=00000025 	 B=00000016 brz 3

PC=0000000F 	 SP=0000270E 	 A=00000015 	 B=00000025 ldc 21

PC=00000010 	 SP=0000270E 	 A=00000015 	 B=00000025 stnl 0

PC=00000003 	 SP=0000270E 	 A=00000015 	 B=00000025 adj -1

PC=00000004 	 SP=0000270E 	 A=00000015 	 B=00000015 ldc 21

PC=00000005 	 SP=0000270E 	 A=00000025 	 B=00000015 ldnl 0

PC=00000006 	 SP=0000270E 	 A=00000016 	 B=00000025 ldc 22

PC=00000007 	 SP=0000270E 	 A=000010FB 	 B=00000025 ldnl 0

PC=00000008 	 SP=0000270E 	 A=00001120 	 B=00000025 add  00000000

PC=00000009 	 SP=0000270E 	 A=00000016 	 B=00001120 ldc 22

PC=0000000A 	 SP=0000270E 	 A=00000016 	 B=00001120 stnl 0

PC=0000000B 	 SP=0000270E 	 A=00000015 	 B=00000016 ldc 21

PC=0000000C 	 SP=0000270E 	 A=00000025 	 B=00000016 ldnl 0

PC=0000000D 	 SP=0000270E 	 A=00000024 	 B=00000016 adc -1

PC=0000000E 	 SP=0000270E 	 A=00000024 	 B=00000016 brz 3

PC=0000000F 	 SP=0000270E 	 A=00000015 	 B=00000024 ldc 21

PC=00000010 	 SP=0000270E 	 A=00000015 	 B=00000024 stnl 0

PC=00000003 	 SP=0000270E 	 A=00000015 	 B=00000024 adj -1

PC=00000004 	 SP=0000270E 	 A=00000015 	 B=00000015 ldc 21

PC=00000005 	 SP=0000270E 	 A=00000024 	 B=00000015 ldnl 0

PC=00000006 	 SP=0000270E 	 A=00000016 	 B=00000024 ldc 22

PC=00000007 	 SP=0000270E 	 A=00001120 	 B=00000024 ldnl 0

PC=00000008 	 SP=0000270E 	 A=00001144 	 B=00000024 add  00000000

PC=00000009 	 SP=0000270E 	 A=00000016 	 B=00001144 ldc 22

PC=0000000A 	 SP=0000270E 	 A=00000016 	 B=00001144 stnl 0

PC=0000000B 	 SP=0000270E 	 A=00000015 	 B=00000016 ldc 21

PC=0000000C 	 SP=0000270E 	 A=00000024 	 B=00000016 ldnl 0

PC=0000000D 	 SP=0000270E 	 A=00000023 	 B=00000016 adc -1

PC=0000000E 	 SP=0000270E 	 A=00000023 	 B=00000016 brz 3

PC=0000000F 	 SP=0000270E 	 A=00000015 	 B=00000023 ldc 21

PC=00000010 	 SP=0000270E 	 A=00000015 	 B=00000023 stnl 0

PC=00000003 	 SP=0000270E 	 A=00000015 	 B=00000023 adj -1

PC=00000004 	 SP=0000270E 	 A=00000015 	 B=00000015 ldc 21

PC=00000005 	 SP=0000270E 	 A=00000023 	 B=00000015 ldnl 0

PC=00000006 	 SP=0000270E 	 A=00000016 	 B=00000023 ldc 22

PC=00000007 	 SP=0000270E 	 A=00001144 	 B=00000023 ldnl 0

PC=00000008 	 SP=0000270E 	 A=00001167 	 B=00000023 add  00000000

PC=00000009 	 SP=0000270E 	 A=00000016 	 B=00001167 ldc 22

PC=0000000A 	 SP=0000270E 	 A=00000016 	 B=00001167 stnl 0

PC=0000000B 	 SP=0000270E 	 A=00000015 	 B=00000016 ldc 21

PC=0000000C 	 SP=0000270E 	 A=00000023 	 B=00000016 ldnl 0

PC=0000000D 	 SP=0000270E 	 A=00000022 	 B=00000016 adc -1

PC=0000000E 	 SP=0000270E 	 A=00000022 	 B=00000016 brz 3

PC=0000000F 	 SP=0000270E 	 A=00000015 	 B=00000022 ldc 21

PC=00000010 	 SP=0000270E 	 A=00000015 	 B=00000022 stnl 0

PC=00000003 	 SP=0000270E 	 A=00000015 	 B=00000022 adj -1

PC=00000004 	 SP=0000270E 	 A=00000015 	 B=00000015 ldc 21

PC=00000005 	 SP=0000270E 	 A=00000022 	 B=00000015 ldnl 0

PC=00000006 	 SP=0000270E 	 A=00000016 	 B=00000022 ldc 22

PC=00000007 	 SP=0000270E 	 A=00001167 	 B=00000022 ldnl 0

PC=00000008 	 SP=0000270E 	 A=00001189 	 B=00000022 add  00000000

PC=00000009 	 SP=0000270E 	 A=00000016 	 B=00001189 ldc 22

PC=0000000A 	 SP=0000270E 	 A=00000016 	 B=00001189 stnl 0

PC=0000000B 	 SP=0000270E 	 A=00000015 	 B=00000016 ldc 21

PC=0000000C 	 SP=0000270E 	 A=00000022 	 B=00000016 ldnl 0

PC=0000000D 	 SP=0000270E 	 A=00000021 	 B=00000016 adc -1

PC=0000000E 	 SP=0000270E 	 A=00000021 	 B=00000016 brz 3

PC=0000000F 	 SP=0000270E 	 A=00000015 	 B=00000021 ldc 21

PC=00000010 	 SP=0000270E 	 A=00000015 	 B=00000021 stnl 0

PC=00000003 	 SP=0000270E 	 A=00000015 	 B=00000021 adj -1

PC=00000004 	 SP=0000270E 	 A=00000015 	 B=00000015 ldc 21

PC=00000005 	 SP=0000270E 	 A=00000021 	 B=00000015 ldnl 0

PC=00000006 	 SP=0000270E 	 A=00000016 	 B=00000021 ldc 22

PC=00000007 	 SP=0000270E 	 A=00001189 	 B=00000021 ldnl 0

PC=00000008 	 SP=0000270E 	 A=000011AA 	 B=00000021 add  00000000

PC=00000009 	 SP=0000270E 	 A=00000016 	 B=000011AA ldc 22

PC=0000000A 	 SP=0000270E 	 A=00000016 	 B=000011AA stnl 0

PC=0000000B 	 SP=0000270E 	 A=00000015 	 B=00000016 ldc 21

PC=0000000C 	 SP=0000270E 	 A=00000021 	 B=00000016 ldnl 0

PC=0000000D 	 SP=0000270E 	 A=00000020 	 B=00000016 adc -1

PC=0000000E 	 SP=0000270E 	 A=00000020 	 B=00000016 brz 3

PC=0000000F 	 SP=0000270E 	 A=00000015 	 B=00000020 ldc 21

PC=00000010 	 SP=0000270E 	 A=00000015 	 B=00000020 stnl 0

PC=00000003 	 SP=0000270E 	 A=00000015 	 B=00000020 adj -1

PC=00000004 	 SP=0000270E 	 A=00000015 	 B=00000015 ldc 21

PC=00000005 	 SP=0000270E 	 A=00000020 	 B=00000015 ldnl 0

PC=00000006 	 SP=0000270E 	 A=00000016 	 B=00000020 ldc 22

PC=00000007 	 SP=0000270E 	 A=000011AA 	 B=00000020 ldnl 0

PC=00000008 	 SP=0000270E 	 A=000011CA 	 B=00000020 add  00000000

PC=00000009 	 SP=0000270E 	 A=00000016 	 B=000011CA ldc 22

PC=0000000A 	 SP=0000270E 	 A=00000016 	 B=000011CA stnl 0

PC=0000000B 	 SP=0000270E 	 A=00000015 	 B=00000016 ldc 21

PC=0000000C 	 SP=0000270E 	 A=00000020 	 B=00000016 ldnl 0

PC=0000000D 	 SP=0000270E 	 A=0000001F 	 B=00000016 adc -1

PC=0000000E 	 SP=0000270E 	 A=0000001F 	 B=00000016 brz 3

PC=0000000F 	 SP=0000270E 	 A=00000015 	 B=0000001F ldc 21

PC=00000010 	 SP=0000270E 	 A=00000015 	 B=0000001F stnl 0

PC=00000003 	 SP=0000270E 	 A=00000015 	 B=0000001F adj -1

PC=00000004 	 SP=0000270E 	 A=00000015 	 B=00000015 ldc 21

PC=00000005 	 SP=0000270E 	 A=0000001F 	 B=00000015 ldnl 0

PC=00000006 	 SP=0000270E 	 A=00000016 	 B=0000001F ldc 22

PC=00000007 	 SP=0000270E 	 A=000011CA 	 B=0000001F ldnl 0

PC=00000008 	 SP=0000270E 	 A=000011E9 	 B=0000001F add  00000000

PC=00000009 	 SP=0000270E 	 A=00000016 	 B=000011E9 ldc 22

PC=0000000A 	 SP=0000270E 	 A=00000016 	 B=000011E9 stnl 0

PC=0000000B 	 SP=0000270E 	 A=00000015 	 B=00000016 ldc 21

PC=0000000C 	 SP=0000270E 	 A=0000001F 	 B=00000016 ldnl 0

PC=0000000D 	 SP=0000270E 	 A=0000001E 	 B=00000016 adc -1

PC=0000000E 	 SP=0000270E 	 A=0000001E 	 B=00000016 brz 3

PC=0000000F 	 SP=0000270E 	 A=00000015 	 B=0000001E ldc 21

PC=00000010 	 SP=0000270E 	 A=00000015 	 B=0000001E stnl 0

PC=00000003 	 SP=0000270E 	 A=00000015 	 B=0000001E adj -1

PC=00000004 	 SP=0000270E 	 A=00000015 	 B=00000015 ldc 21

PC=00000005 	 SP=0000270E 	 A=0000001E 	 B=00000015 ldnl 0

PC=00000006 	 SP=0000270E 	 A=00000016 	 B=0000001E ldc 22

PC=00000007 	 SP=0000270E 	 A=000011E9 	 B=0000001E ldnl 0

PC=00000008 	 SP=0000270E 	 A=00001207 	 B=0000001E add  00000000

PC=00000009 	 SP=0000270E 	 A=00000016 	 B=00001207 ldc 22

PC=0000000A 	 SP=0000270E 	 A=00000016 	 B=00001207 stnl 0

PC=0000000B 	 SP=0000270E 	 A=00000015 	 B=00000016 ldc 21

PC=0000000C 	 SP=0000270E 	 A=0000001E 	 B=00000016 ldnl 0

PC=0000000D 	 SP=0000270E 	 A=0000001D 	 B=00000016 adc -1

PC=0000000E 	 SP=0000270E 	 A=0000001D 	 B=00000016 brz 3

PC=0000000F 	 SP=0000270E 	 A=00000015 	 B=0000001D ldc 21

PC=00000010 	 SP=0000270E 	 A=00000015 	 B=0000001D stnl 0

PC=00000003 	 SP=0000270E 	 A=00000015 	 B=0000001D adj -1

PC=00000004 	 SP=0000270E 	 A=00000015 	 B=00000015 ldc 21

PC=00000005 	 SP=0000270E 	 A=0000001D 	 B=00000015 ldnl 0

PC=00000006 	 SP=0000270E 	 A=00000016 	 B=0000001D ldc 22

PC=00000007 	 SP=0000270E 	 A=00001207 	 B=0000001D ldnl 0

PC=00000008 	 SP=0000270E 	 A=00001224 	 B=0000001D add  00000000

PC=00000009 	 SP=0000270E 	 A=00000016 	 B=00001224 ldc 22

PC=0000000A 	 SP=0000270E 	 A=00000016 	 B=00001224 stnl 0

PC=0000000B 	 SP=0000270E 	 A=00000015 	 B=00000016 ldc 21

PC=0000000C 	 SP=0000270E 	 A=0000001D 	 B=00000016 ldnl 0

PC=0000000D 	 SP=0000270E 	 A=0000001C 	 B=00000016 adc -1

PC=0000000E 	 SP=0000270E 	 A=0000001C 	 B=00000016 brz 3

PC=0000000F 	 SP=0000270E 	 A=00000015 	 B=0000001C ldc 21

PC=00000010 	 SP=0000270E 	 A=00000015 	 B=0000001C stnl 0

PC=00000003 	 SP=0000270E 	 A=00000015 	 B=0000001C adj -1

PC=00000004 	 SP=0000270E 	 A=00000015 	 B=00000015 ldc 21

PC=00000005 	 SP=0000270E 	 A=0000001C 	 B=00000015 ldnl 0

PC=00000006 	 SP=0000270E 	 A=00000016 	 B=0000001C ldc 22

PC=00000007 	 SP=0000270E 	 A=00001224 	 B=0000001C ldnl 0

PC=00000008 	 SP=0000270E 	 A=00001240 	 B=0000001C add  00000000

PC=00000009 	 SP=0000270E 	 A=00000016 	 B=00001240 ldc 22

PC=0000000A 	 SP=0000270E 	 A=00000016 	 B=00001240 stnl 0

PC=0000000B 	 SP=0000270E 	 A=00000015 	 B=00000016 ldc 21

PC=0000000C 	 SP=0000270E 	 A=0000001C 	 B=00000016 ldnl 0

PC=0000000D 	 SP=0000270E 	 A=0000001B 	 B=00000016 adc -1

PC=0000000E 	 SP=0000270E 	 A=0000001B 	 B=00000016 brz 3

PC=0000000F 	 SP=0000270E 	 A=00000015 	 B=0000001B ldc 21

PC=00000010 	 SP=0000270E 	 A=00000015 	 B=0000001B stnl 0

PC=00000003 	 SP=0000270E 	 A=00000015 	 B=0000001B adj -1

PC=00000004 	 SP=0000270E 	 A=00000015 	 B=00000015 ldc 21

PC=00000005 	 SP=0000270E 	 A=0000001B 	 B=00000015 ldnl 0

PC=00000006 	 SP=0000270E 	 A=00000016 	 B=0000001B ldc 22

PC=00000007 	 SP=0000270E 	 A=00001240 	 B=0000001B ldnl 0

PC=00000008 	 SP=0000270E 	 A=0000125B 	 B=0000001B add  00000000

PC=00000009 	 SP=0000270E 	 A=00000016 	 B=0000125B ldc 22

PC=0000000A 	 SP=0000270E 	 A=00000016 	 B=0000125B stnl 0

PC=0000000B 	 SP=0000270E 	 A=00000015 	 B=00000016 ldc 21

PC=0000000C 	 SP=0000270E 	 A=0000001B 	 B=00000016 ldnl 0

PC=0000000D 	 SP=0000270E 	 A=0000001A 	 B=00000016 adc -1

PC=0000000E 	 SP=0000270E 	 A=0000001A 	 B=00000016 brz 3

PC=0000000F 	 SP=0000270E 	 A=00000015 	 B=0000001A ldc 21

PC=00000010 	 SP=0000270E 	 A=00000015 	 B=0000001A stnl 0

PC=00000003 	 SP=0000270E 	 A=00000015 	 B=0000001A adj -1

PC=00000004 	 SP=0000270E 	 A=00000015 	 B=00000015 ldc 21

PC=00000005 	 SP=0000270E 	 A=0000001A 	 B=00000015 ldnl 0

PC=00000006 	 SP=0000270E 	 A=00000016 	 B=0000001A ldc 22

PC=00000007 	 SP=0000270E 	 A=0000125B 	 B=0000001A ldnl 0

PC=00000008 	 SP=0000270E 	 A=00001275 	 B=0000001A add  00000000

PC=00000009 	 SP=0000270E 	 A=00000016 	 B=00001275 ldc 22

PC=0000000A 	 SP=0000270E 	 A=00000016 	 B=00001275 stnl 0

PC=0000000B 	 SP=0000270E 	 A=00000015 	 B=00000016 ldc 21

PC=0000000C 	 SP=0000270E 	 A=0000001A 	 B=00000016 ldnl 0

PC=0000000D 	 SP=0000270E 	 A=00000019 	 B=00000016 adc -1

PC=0000000E 	 SP=0000270E 	 A=00000019 	 B=00000016 brz 3

PC=0000000F 	 SP=0000270E 	 A=00000015 	 B=00000019 ldc 21

PC=00000010 	 SP=0000270E 	 A=00000015 	 B=00000019 stnl 0

PC=00000003 	 SP=0000270E 	 A=00000015 	 B=00000019 adj -1

PC=00000004 	 SP=0000270E 	 A=00000015 	 B=00000015 ldc 21

PC=00000005 	 SP=0000270E 	 A=00000019 	 B=00000015 ldnl 0

PC=00000006 	 SP=0000270E 	 A=00000016 	 B=00000019 ldc 22

PC=00000007 	 SP=0000270E 	 A=00001275 	 B=00000019 ldnl 0

PC=00000008 	 SP=0000270E 	 A=0000128E 	 B=00000019 add  00000000

PC=00000009 	 SP=0000270E 	 A=00000016 	 B=0000128E ldc 22

PC=0000000A 	 SP=0000270E 	 A=00000016 	 B=0000128E stnl 0

PC=0000000B 	 SP=0000270E 	 A=00000015 	 B=00000016 ldc 21

PC=0000000C 	 SP=0000270E 	 A=00000019 	 B=00000016 ldnl 0

PC=0000000D 	 SP=0000270E 	 A=00000018 	 B=00000016 adc -1

PC=0000000E 	 SP=0000270E 	 A=00000018 	 B=00000016 brz 3

PC=0000000F 	 SP=0000270E 	 A=00000015 	 B=00000018 ldc 21

PC=00000010 	 SP=0000270E 	 A=00000015 	 B=00000018 stnl 0

PC=00000003 	 SP=0000270E 	 A=00000015 	 B=00000018 adj -1

PC=00000004 	 SP=0000270E 	 A=00000015 	 B=00000015 ldc 21

PC=00000005 	 SP=0000270E 	 A=00000018 	 B=00000015 ldnl 0

PC=00000006 	 SP=0000270E 	 A=00000016 	 B=00000018 ldc 22

PC=00000007 	 SP=0000270E 	 A=0000128E 	 B=00000018 ldnl 0

PC=00000008 	 SP=0000270E 	 A=000012A6 	 B=00000018 add  00000000

PC=00000009 	 SP=0000270E 	 A=00000016 	 B=000012A6 ldc 22

PC=0000000A 	 SP=0000270E 	 A=00000016 	 B=000012A6 stnl 0

PC=0000000B 	 SP=0000270E 	 A=00000015 	 B=00000016 ldc 21

PC=0000000C 	 SP=0000270E 	 A=00000018 	 B=00000016 ldnl 0

PC=0000000D 	 SP=0000270E 	 A=00000017 	 B=00000016 adc -1

PC=0000000E 	 SP=0000270E 	 A=00000017 	 B=00000016 brz 3

PC=0000000F 	 SP=0000270E 	 A=00000015 	 B=00000017 ldc 21

PC=00000010 	 SP=0000270E 	 A=00000015 	 B=00000017 stnl 0

PC=00000003 	 SP=0000270E 	 A=00000015 	 B=00000017 adj -1

PC=00000004 	 SP=0000270E 	 A=00000015 	 B=00000015 ldc 21

PC=00000005 	 SP=0000270E 	 A=00000017 	 B=00000015 ldnl 0

PC=00000006 	 SP=0000270E 	 A=00000016 	 B=00000017 ldc 22

PC=00000007 	 SP=0000270E 	 A=000012A6 	 B=00000017 ldnl 0

PC=00000008 	 SP=0000270E 	 A=000012BD 	 B=00000017 add  00000000

PC=00000009 	 SP=0000270E 	 A=00000016 	 B=000012BD ldc 22

PC=0000000A 	 SP=0000270E 	 A=00000016 	 B=000012BD stnl 0

PC=0000000B 	 SP=0000270E 	 A=00000015 	 B=00000016 ldc 21

PC=0000000C 	 SP=0000270E 	 A=00000017 	 B=00000016 ldnl 0

PC=0000000D 	 SP=0000270E 	 A=00000016 	 B=00000016 adc -1

PC=0000000E 	 SP=0000270E 	 A=00000016 	 B=00000016 brz 3

PC=0000000F 	 SP=0000270E 	 A=00000015 	 B=00000016 ldc 21

PC=00000010 	 SP=0000270E 	 A=00000015 	 B=00000016 stnl 0

PC=00000003 	 SP=0000270E 	 A=00000015 	 B=00000016 adj -1

PC=00000004 	 SP=0000270E 	 A=00000015 	 B=00000015 ldc 21

PC=00000005 	 SP=0000270E 	 A=00000016 	 B=00000015 ldnl 0

PC=00000006 	 SP=0000270E 	 A=00000016 	 B=00000016 ldc 22

PC=00000007 	 SP=0000270E 	 A=000012BD 	 B=00000016 ldnl 0

PC=00000008 	 SP=0000270E 	 A=000012D3 	 B=00000016 add  00000000

PC=00000009 	 SP=0000270E 	 A=00000016 	 B=000012D3 ldc 22

PC=0000000A 	 SP=0000270E 	 A=00000016 	 B=000012D3 stnl 0

PC=0000000B 	 SP=0000270E 	 A=00000015 	 B=00000016 ldc 21

PC=0000000C 	 SP=0000270E 	 A=00000016 	 B=00000016 ldnl 0

PC=0000000D 	 SP=0000270E 	 A=00000015 	 B=00000016 adc -1

PC=0000000E 	 SP=0000270E 	 A=00000015 	 B=00000016 brz 3

PC=0000000F 	 SP=0000270E 	 A=00000015 	 B=00000015 ldc 21

PC=00000010 	 SP=0000270E 	 A=00000015 	 B=00000015 stnl 0

PC=00000003 	 SP=0000270E 	 A=00000015 	 B=00000015 adj -1

PC=00000004 	 SP=0000270E 	 A=00000015 	 B=00000015 ldc 21

PC=00000005 	 SP=0000270E 	 A=00000015 	 B=00000015 ldnl 0

PC=00000006 	 SP=0000270E 	 A=00000016 	 B=00000015 ldc 22

PC=00000007 	 SP=0000270E 	 A=000012D3 	 B=00000015 ldnl 0

PC=00000008 	 SP=0000270E 	 A=000012E8 	 B=00000015 add  00000000

PC=00000009 	 SP=0000270E 	 A=00000016 	 B=000012E8 ldc 22

PC=0000000A 	 SP=0000270E 	 A=00000016 	 B=000012E8 stnl 0

PC=0000000B 	 SP=0000270E 	 A=00000015 	 B=00000016 ldc 21

PC=0000000C 	 SP=0000270E 	 A=00000015 	 B=00000016 ldnl 0

PC=0000000D 	 SP=0000270E 	 A=00000014 	 B=00000016 adc -1

PC=0000000E 	 SP=0000270E 	 A=00000014 	 B=00000016 brz 3

PC=0000000F 	 SP=0000270E 	 A=00000015 	 B=00000014 ldc 21

PC=00000010 	 SP=0000270E 	 A=00000015 	 B=00000014 stnl 0

PC=00000003 	 SP=0000270E 	 A=00000015 	 B=00000014 adj -1

PC=00000004 	 SP=0000270E 	 A=00000015 	 B=00000015 ldc 21

PC=00000005 	 SP=0000270E 	 A=00000014 	 B=00000015 ldnl 0

PC=00000006 	 SP=0000270E 	 A=00000016 	 B=00000014 ldc 22

PC=00000007 	 SP=0000270E 	 A=000012E8 	 B=00000014 ldnl 0

PC=00000008 	 SP=0000270E 	 A=000012FC 	 B=00000014 add  00000000

PC=00000009 	 SP=0000270E 	 A=00000016 	 B=000012FC ldc 22

PC=0000000A 	 SP=0000270E 	 A=00000016 	 B=000012FC stnl 0

PC=0000000B 	 SP=0000270E 	 A=00000015 	 B=00000016 ldc 21

PC=0000000C 	 SP=0000270E 	 A=00000014 	 B=00000016 ldnl 0

PC=0000000D 	 SP=0000270E 	 A=00000013 	 B=00000016 adc -1

PC=0000000E 	 SP=0000270E 	 A=00000013 	 B=00000016 brz 3

PC=0000000F 	 SP=0000270E 	 A=00000015 	 B=00000013 ldc 21

PC=00000010 	 SP=0000270E 	 A=00000015 	 B=00000013 stnl 0

PC=00000003 	 SP=0000270E 	 A=00000015 	 B=00000013 adj -1

PC=00000004 	 SP=0000270E 	 A=00000015 	 B=00000015 ldc 21

PC=00000005 	 SP=0000270E 	 A=00000013 	 B=00000015 ldnl 0

PC=00000006 	 SP=0000270E 	 A=00000016 	 B=00000013 ldc 22

PC=00000007 	 SP=0000270E 	 A=000012FC 	 B=00000013 ldnl 0

PC=00000008 	 SP=0000270E 	 A=0000130F 	 B=00000013 add  00000000

PC=00000009 	 SP=0000270E 	 A=00000016 	 B=0000130F ldc 22

PC=0000000A 	 SP=0000270E 	 A=00000016 	 B=0000130F stnl 0

PC=0000000B 	 SP=0000270E 	 A=00000015 	 B=00000016 ldc 21

PC=0000000C 	 SP=0000270E 	 A=00000013 	 B=00000016 ldnl 0

PC=0000000D 	 SP=0000270E 	 A=00000012 	 B=00000016 adc -1

PC=0000000E 	 SP=0000270E 	 A=00000012 	 B=00000016 brz 3

PC=0000000F 	 SP=0000270E 	 A=00000015 	 B=00000012 ldc 21

PC=00000010 	 SP=0000270E 	 A=00000015 	 B=00000012 stnl 0

PC=00000003 	 SP=0000270E 	 A=00000015 	 B=00000012 adj -1

PC=00000004 	 SP=0000270E 	 A=00000015 	 B=00000015 ldc 21

PC=00000005 	 SP=0000270E 	 A=00000012 	 B=00000015 ldnl 0

PC=00000006 	 SP=0000270E 	 A=00000016 	 B=00000012 ldc 22

PC=00000007 	 SP=0000270E 	 A=0000130F 	 B=00000012 ldnl 0

PC=00000008 	 SP=0000270E 	 A=00001321 	 B=00000012 add  00000000

PC=00000009 	 SP=0000270E 	 A=00000016 	 B=00001321 ldc 22

PC=0000000A 	 SP=0000270E 	 A=00000016 	 B=00001321 stnl 0

PC=0000000B 	 SP=0000270E 	 A=00000015 	 B=00000016 ldc 21

PC=0000000C 	 SP=0000270E 	 A=00000012 	 B=00000016 ldnl 0

PC=0000000D 	 SP=0000270E 	 A=00000011 	 B=00000016 adc -1

PC=0000000E 	 SP=0000270E 	 A=00000011 	 B=00000016 brz 3

PC=0000000F 	 SP=0000270E 	 A=00000015 	 B=00000011 ldc 21

PC=00000010 	 SP=0000270E 	 A=00000015 	 B=00000011 stnl 0

PC=00000003 	 SP=0000270E 	 A=00000015 	 B=00000011 adj -1

PC=00000004 	 SP=0000270E 	 A=00000015 	 B=00000015 ldc 21

PC=00000005 	 SP=0000270E 	 A=00000011 	 B=00000015 ldnl 0

PC=00000006 	 SP=0000270E 	 A=00000016 	 B=00000011 ldc 22

PC=00000007 	 SP=0000270E 	 A=00001321 	 B=00000011 ldnl 0

PC=00000008 	 SP=0000270E 	 A=00001332 	 B=00000011 add  00000000

PC=00000009 	 SP=0000270E 	 A=00000016 	 B=00001332 ldc 22

PC=0000000A 	 SP=0000270E 	 A=00000016 	 B=00001332 stnl 0

PC=0000000B 	 SP=0000270E 	 A=00000015 	 B=00000016 ldc 21

PC=0000000C 	 SP=0000270E 	 A=00000011 	 B=00000016 ldnl 0

PC=0000000D 	 SP=0000270E 	 A=00000010 	 B=00000016 adc -1

PC=0000000E 	 SP=0000270E 	 A=00000010 	 B=00000016 brz 3

PC=0000000F 	 SP=0000270E 	 A=00000015 	 B=00000010 ldc 21

PC=00000010 	 SP=0000270E 	 A=00000015 	 B=00000010 stnl 0

PC=00000003 	 SP=0000270E 	 A=00000015 	 B=00000010 adj -1

PC=00000004 	 SP=0000270E 	 A=00000015 	 B=00000015 ldc 21

PC=00000005 	 SP=0000270E 	 A=00000010 	 B=00000015 ldnl 0

PC=00000006 	 SP=0000270E 	 A=00000016 	 B=00000010 ldc 22

PC=00000007 	 SP=0000270E 	 A=00001332 	 B=00000010 ldnl 0

PC=00000008 	 SP=0000270E 	 A=00001342 	 B=00000010 add  00000000

PC=00000009 	 SP=0000270E 	 A=00000016 	 B=00001342 ldc 22

PC=0000000A 	 SP=0000270E 	 A=00000016 	 B=00001342 stnl 0

PC=0000000B 	 SP=0000270E 	 A=00000015 	 B=00000016 ldc 21

PC=0000000C 	 SP=0000270E 	 A=00000010 	 B=00000016 ldnl 0

PC=0000000D 	 SP=0000270E 	 A=0000000F 	 B=00000016 adc -1

PC=0000000E 	 SP=0000270E 	 A=0000000F 	 B=00000016 brz 3

PC=0000000F 	 SP=0000270E 	 A=00000015 	 B=0000000F ldc 21

PC=00000010 	 SP=0000270E 	 A=00000015 	 B=0000000F stnl 0

PC=00000003 	 SP=0000270E 	 A=00000015 	 B=0000000F adj -1

PC=00000004 	 SP=0000270E 	 A=00000015 	 B=00000015 ldc 21

PC=00000005 	 SP=0000270E 	 A=0000000F 	 B=00000015 ldnl 0

PC=00000006 	 SP=0000270E 	 A=00000016 	 B=0000000F ldc 22

PC=00000007 	 SP=0000270E 	 A=00001342 	 B=0000000F ldnl 0

PC=00000008 	 SP=0000270E 	 A=00001351 	 B=0000000F add  00000000

PC=00000009 	 SP=0000270E 	 A=00000016 	 B=00001351 ldc 22

PC=0000000A 	 SP=0000270E 	 A=00000016 	 B=00001351 stnl 0

PC=0000000B 	 SP=0000270E 	 A=00000015 	 B=00000016 ldc 21

PC=0000000C 	 SP=0000270E 	 A=0000000F 	 B=00000016 ldnl 0

PC=0000000D 	 SP=0000270E 	 A=0000000E 	 B=00000016 adc -1

PC=0000000E 	 SP=0000270E 	 A=0000000E 	 B=00000016 brz 3

PC=0000000F 	 SP=0000270E 	 A=00000015 	 B=0000000E ldc 21

PC=00000010 	 SP=0000270E 	 A=00000015 	 B=0000000E stnl 0

PC=00000003 	 SP=0000270E 	 A=00000015 	 B=0000000E adj -1

PC=00000004 	 SP=0000270E 	 A=00000015 	 B=00000015 ldc 21

PC=00000005 	 SP=0000270E 	 A=0000000E 	 B=00000015 ldnl 0

PC=00000006 	 SP=0000270E 	 A=00000016 	 B=0000000E ldc 22

PC=00000007 	 SP=0000270E 	 A=00001351 	 B=0000000E ldnl 0

PC=00000008 	 SP=0000270E 	 A=0000135F 	 B=0000000E add  00000000

PC=00000009 	 SP=0000270E 	 A=00000016 	 B=0000135F ldc 22

PC=0000000A 	 SP=0000270E 	 A=00000016 	 B=0000135F stnl 0

PC=0000000B 	 SP=0000270E 	 A=00000015 	 B=00000016 ldc 21

PC=0000000C 	 SP=0000270E 	 A=0000000E 	 B=00000016 ldnl 0

PC=0000000D 	 SP=0000270E 	 A=0000000D 	 B=00000016 adc -1

PC=0000000E 	 SP=0000270E 	 A=0000000D 	 B=00000016 brz 3

PC=0000000F 	 SP=0000270E 	 A=00000015 	 B=0000000D ldc 21

PC=00000010 	 SP=0000270E 	 A=00000015 	 B=0000000D stnl 0

PC=00000003 	 SP=0000270E 	 A=00000015 	 B=0000000D adj -1

PC=00000004 	 SP=0000270E 	 A=00000015 	 B=00000015 ldc 21

PC=00000005 	 SP=0000270E 	 A=0000000D 	 B=00000015 ldnl 0

PC=00000006 	 SP=0000270E 	 A=00000016 	 B=0000000D ldc 22

PC=00000007 	 SP=0000270E 	 A=0000135F 	 B=0000000D ldnl 0

PC=00000008 	 SP=0000270E 	 A=0000136C 	 B=0000000D add  00000000

PC=00000009 	 SP=0000270E 	 A=00000016 	 B=0000136C ldc 22

PC=0000000A 	 SP=0000270E 	 A=00000016 	 B=0000136C stnl 0

PC=0000000B 	 SP=0000270E 	 A=00000015 	 B=00000016 ldc 21

PC=0000000C 	 SP=0000270E 	 A=0000000D 	 B=00000016 ldnl 0

PC=0000000D 	 SP=0000270E 	 A=0000000C 	 B=00000016 adc -1

PC=0000000E 	 SP=0000270E 	 A=0000000C 	 B=00000016 brz 3

PC=0000000F 	 SP=0000270E 	 A=00000015 	 B=0000000C ldc 21

PC=00000010 	 SP=0000270E 	 A=00000015 	 B=0000000C stnl 0

PC=00000003 	 SP=0000270E 	 A=00000015 	 B=0000000C adj -1

PC=00000004 	 SP=0000270E 	 A=00000015 	 B=00000015 ldc 21

PC=00000005 	 SP=0000270E 	 A=0000000C 	 B=00000015 ldnl 0

PC=00000006 	 SP=0000270E 	 A=00000016 	 B=0000000C ldc 22

PC=00000007 	 SP=0000270E 	 A=0000136C 	 B=0000000C ldnl 0

PC=00000008 	 SP=0000270E 	 A=00001378 	 B=0000000C add  00000000

PC=00000009 	 SP=0000270E 	 A=00000016 	 B=00001378 ldc 22

PC=0000000A 	 SP=0000270E 	 A=00000016 	 B=00001378 stnl 0

PC=0000000B 	 SP=0000270E 	 A=00000015 	 B=00000016 ldc 21

PC=0000000C 	 SP=0000270E 	 A=0000000C 	 B=00000016 ldnl 0

PC=0000000D 	 SP=0000270E 	 A=0000000B 	 B=00000016 adc -1

PC=0000000E 	 SP=0000270E 	 A=0000000B 	 B=00000016 brz 3

PC=0000000F 	 SP=0000270E 	 A=00000015 	 B=0000000B ldc 21

PC=00000010 	 SP=0000270E 	 A=00000015 	 B=0000000B stnl 0

PC=00000003 	 SP=0000270E 	 A=00000015 	 B=0000000B adj -1

PC=00000004 	 SP=0000270E 	 A=00000015 	 B=00000015 ldc 21

PC=00000005 	 SP=0000270E 	 A=0000000B 	 B=00000015 ldnl 0

PC=00000006 	 SP=0000270E 	 A=00000016 	 B=0000000B ldc 22

PC=00000007 	 SP=0000270E 	 A=00001378 	 B=0000000B ldnl 0

PC=00000008 	 SP=0000270E 	 A=00001383 	 B=0000000B add  00000000

PC=00000009 	 SP=0000270E 	 A=00000016 	 B=00001383 ldc 22

PC=0000000A 	 SP=0000270E 	 A=00000016 	 B=00001383 stnl 0

PC=0000000B 	 SP=0000270E 	 A=00000015 	 B=00000016 ldc 21

PC=0000000C 	 SP=0000270E 	 A=0000000B 	 B=00000016 ldnl 0

PC=0000000D 	 SP=0000270E 	 A=0000000A 	 B=00000016 adc -1

PC=0000000E 	 SP=0000270E 	 A=0000000A 	 B=00000016 brz 3

PC=0000000F 	 SP=0000270E 	 A=00000015 	 B=0000000A ldc 21

PC=00000010 	 SP=0000270E 	 A=00000015 	 B=0000000A stnl 0

PC=00000003 	 SP=0000270E 	 A=00000015 	 B=0000000A adj -1

PC=00000004 	 SP=0000270E 	 A=00000015 	 B=00000015 ldc 21

PC=00000005 	 SP=0000270E 	 A=0000000A 	 B=00000015 ldnl 0

PC=00000006 	 SP=0000270E 	 A=00000016 	 B=0000000A ldc 22

PC=00000007 	 SP=0000270E 	 A=00001383 	 B=0000000A ldnl 0

PC=00000008 	 SP=0000270E 	 A=0000138D 	 B=0000000A add  00000000

PC=00000009 	 SP=0000270E 	 A=00000016 	 B=0000138D ldc 22

PC=0000000A 	 SP=0000270E 	 A=00000016 	 B=0000138D stnl 0

PC=0000000B 	 SP=0000270E 	 A=00000015 	 B=00000016 ldc 21

PC=0000000C 	 SP=0000270E 	 A=0000000A 	 B=00000016 ldnl 0

PC=0000000D 	 SP=0000270E 	 A=00000009 	 B=00000016 adc -1

PC=0000000E 	 SP=0000270E 	 A=00000009 	 B=00000016 brz 3

PC=0000000F 	 SP=0000270E 	 A=00000015 	 B=00000009 ldc 21

PC=00000010 	 SP=0000270E 	 A=00000015 	 B=00000009 stnl 0

PC=00000003 	 SP=0000270E 	 A=00000015 	 B=00000009 adj -1

PC=00000004 	 SP=0000270E 	 A=00000015 	 B=00000015 ldc 21

PC=00000005 	 SP=0000270E 	 A=00000009 	 B=00000015 ldnl 0

PC=00000006 	 SP=0000270E 	 A=00000016 	 B=00000009 ldc 22

PC=00000007 	 SP=0000270E 	 A=0000138D 	 B=00000009 ldnl 0

PC=00000008 	 SP=0000270E 	 A=00001396 	 B=00000009 add  00000000

PC=00000009 	 SP=0000270E 	 A=00000016 	 B=00001396 ldc 22

PC=0000000A 	 SP=0000270E 	 A=00000016 	 B=00001396 stnl 0

PC=0000000B 	 SP=0000270E 	 A=00000015 	 B=00000016 ldc 21

PC=0000000C 	 SP=0000270E 	 A=00000009 	 B=00000016 ldnl 0

PC=0000000D 	 SP=0000270E 	 A=00000008 	 B=00000016 adc -1

PC=0000000E 	 SP=0000270E 	 A=00000008 	 B=00000016 brz 3

PC=0000000F 	 SP=0000270E 	 A=00000015 	 B=00000008 ldc 21

PC=00000010 	 SP=0000270E 	 A=00000015 	 B=00000008 stnl 0

PC=00000003 	 SP=0000270E 	 A=00000015 	 B=00000008 adj -1

PC=00000004 	 SP=0000270E 	 A=00000015 	 B=00000015 ldc 21

PC=00000005 	 SP=0000270E 	 A=00000008 	 B=00000015 ldnl 0

PC=00000006 	 SP=0000270E 	 A=00000016 	 B=00000008 ldc 22

PC=00000007 	 SP=0000270E 	 A=00001396 	 B=00000008 ldnl 0

PC=00000008 	 SP=0000270E 	 A=0000139E 	 B=00000008 add  00000000

PC=00000009 	 SP=0000270E 	 A=00000016 	 B=0000139E ldc 22

PC=0000000A 	 SP=0000270E 	 A=00000016 	 B=0000139E stnl 0

PC=0000000B 	 SP=0000270E 	 A=00000015 	 B=00000016 ldc 21

PC=0000000C 	 SP=0000270E 	 A=00000008 	 B=00000016 ldnl 0

PC=0000000D 	 SP=0000270E 	 A=00000007 	 B=00000016 adc -1

PC=0000000E 	 SP=0000270E 	 A=00000007 	 B=00000016 brz 3

PC=0000000F 	 SP=0000270E 	 A=00000015 	 B=00000007 ldc 21

PC=00000010 	 SP=0000270E 	 A=00000015 	 B=00000007 stnl 0

PC=00000003 	 SP=0000270E 	 A=00000015 	 B=00000007 adj -1

PC=00000004 	 SP=0000270E 	 A=00000015 	 B=00000015 ldc 21

PC=00000005 	 SP=0000270E 	 A=00000007 	 B=00000015 ldnl 0

PC=00000006 	 SP=0000270E 	 A=00000016 	 B=00000007 ldc 22

PC=00000007 	 SP=0000270E 	 A=0000139E 	 B=00000007 ldnl 0

PC=00000008 	 SP=0000270E 	 A=000013A5 	 B=00000007 add  00000000

PC=00000009 	 SP=0000270E 	 A=00000016 	 B=000013A5 ldc 22

PC=0000000A 	 SP=0000270E 	 A=00000016 	 B=000013A5 stnl 0

PC=0000000B 	 SP=0000270E 	 A=00000015 	 B=00000016 ldc 21

PC=0000000C 	 SP=0000270E 	 A=00000007 	 B=00000016 ldnl 0

PC=0000000D 	 SP=0000270E 	 A=00000006 	 B=00000016 adc -1

PC=0000000E 	 SP=0000270E 	 A=00000006 	 B=00000016 brz 3

PC=0000000F 	 SP=0000270E 	 A=00000015 	 B=00000006 ldc 21

PC=00000010 	 SP=0000270E 	 A=00000015 	 B=00000006 stnl 0

PC=00000003 	 SP=0000270E 	 A=00000015 	 B=00000006 adj -1

PC=00000004 	 SP=0000270E 	 A=00000015 	 B=00000015 ldc 21

PC=00000005 	 SP=0000270E 	 A=00000006 	 B=00000015 ldnl 0

PC=00000006 	 SP=0000270E 	 A=00000016 	 B=00000006 ldc 22

PC=00000007 	 SP=0000270E 	 A=000013A5 	 B=00000006 ldnl 0

PC=00000008 	 SP=0000270E 	 A=000013AB 	 B=00000006 add  00000000

PC=00000009 	 SP=0000270E 	 A=00000016 	 B=000013AB ldc 22

PC=0000000A 	 SP=0000270E 	 A=00000016 	 B=000013AB stnl 0

PC=0000000B 	 SP=0000270E 	 A=00000015 	 B=00000016 ldc 21

PC=0000000C 	 SP=0000270E 	 A=00000006 	 B=00000016 ldnl 0

PC=0000000D 	 SP=0000270E 	 A=00000005 	 B=00000016 adc -1

PC=0000000E 	 SP=0000270E 	 A=00000005 	 B=00000016 brz 3

PC=0000000F 	 SP=0000270E 	 A=00000015 	 B=00000005 ldc 21

PC=00000010 	 SP=0000270E 	 A=00000015 	 B=00000005 stnl 0

PC=00000003 	 SP=0000270E 	 A=00000015 	 B=00000005 adj -1

PC=00000004 	 SP=0000270E 	 A=00000015 	 B=00000015 ldc 21

PC=00000005 	 SP=0000270E 	 A=00000005 	 B=00000015 ldnl 0

PC=00000006 	 SP=0000270E 	 A=00000016 	 B=00000005 ldc 22

PC=00000007 	 SP=0000270E 	 A=000013AB 	 B=00000005 ldnl 0

PC=00000008 	 SP=0000270E 	 A=000013B0 	 B=00000005 add  00000000

PC=00000009 	 SP=0000270E 	 A=00000016 	 B=000013B0 ldc 22

PC=0000000A 	 SP=0000270E 	 A=00000016 	 B=000013B0 stnl 0

PC=0000000B 	 SP=0000270E 	 A=00000015 	 B=00000016 ldc 21

PC=0000000C 	 SP=0000270E 	 A=00000005 	 B=00000016 ldnl 0

PC=0000000D 	 SP=0000270E 	 A=00000004 	 B=00000016 adc -1

PC=0000000E 	 SP=0000270E 	 A=00000004 	 B=00000016 brz 3

PC=0000000F 	 SP=0000270E 	 A=00000015 	 B=00000004 ldc 21

PC=00000010 	 SP=0000270E 	 A=00000015 	 B=00000004 stnl 0

PC=00000003 	 SP=0000270E 	 A=00000015 	 B=00000004 adj -1

PC=00000004 	 SP=0000270E 	 A=00000015 	 B=00000015 ldc 21

PC=00000005 	 SP=0000270E 	 A=00000004 	 B=00000015 ldnl 0

PC=00000006 	 SP=0000270E 	 A=00000016 	 B=00000004 ldc 22

PC=00000007 	 SP=0000270E 	 A=000013B0 	 B=00000004 ldnl 0

PC=00000008 	 SP=0000270E 	 A=000013B4 	 B=00000004 add  00000000

PC=00000009 	 SP=0000270E 	 A=00000016 	 B=000013B4 ldc 22

PC=0000000A 	 SP=0000270E 	 A=00000016 	 B=000013B4 stnl 0

PC=0000000B 	 SP=0000270E 	 A=00000015 	 B=00000016 ldc 21

PC=0000000C 	 SP=0000270E 	 A=00000004 	 B=00000016 ldnl 0

PC=0000000D 	 SP=0000270E 	 A=00000003 	 B=00000016 adc -1

PC=0000000E 	 SP=0000270E 	 A=00000003 	 B=00000016 brz 3

PC=0000000F 	 SP=0000270E 	 A=00000015 	 B=00000003 ldc 21

PC=00000010 	 SP=0000270E 	 A=00000015 	 B=00000003 stnl 0

PC=00000003 	 SP=0000270E 	 A=00000015 	 B=00000003 adj -1

PC=00000004 	 SP=0000270E 	 A=00000015 	 B=00000015 ldc 21

PC=00000005 	 SP=0000270E 	 A=00000003 	 B=00000015 ldnl 0

PC=00000006 	 SP=0000270E 	 A=00000016 	 B=00000003 ldc 22

PC=00000007 	 SP=0000270E 	 A=000013B4 	 B=00000003 ldnl 0

PC=00000008 	 SP=0000270E 	 A=000013B7 	 B=00000003 add  00000000

PC=00000009 	 SP=0000270E 	 A=00000016 	 B=000013B7 ldc 22

PC=0000000A 	 SP=0000270E 	 A=00000016 	 B=000013B7 stnl 0

PC=0000000B 	 SP=0000270E 	 A=00000015 	 B=00000016 ldc 21

PC=0000000C 	 SP=0000270E 	 A=00000003 	 B=00000016 ldnl 0

PC=0000000D 	 SP=0000270E 	 A=00000002 	 B=00000016 adc -1

PC=0000000E 	 SP=0000270E 	 A=00000002 	 B=00000016 brz 3

PC=0000000F 	 SP=0000270E 	 A=00000015 	 B=00000002 ldc 21

PC=00000010 	 SP=0000270E 	 A=00000015 	 B=00000002 stnl 0

PC=00000003 	 SP=0000270E 	 A=00000015 	 B=00000002 adj -1

PC=00000004 	 SP=0000270E 	 A=00000015 	 B=00000015 ldc 21

PC=00000005 	 SP=0000270E 	 A=00000002 	 B=00000015 ldnl 0

PC=00000006 	 SP=0000270E 	 A=00000016 	 B=00000002 ldc 22

PC=00000007 	 SP=0000270E 	 A=000013B7 	 B=00000002 ldnl 0

PC=00000008 	 SP=0000270E 	 A=000013B9 	 B=00000002 add  00000000

PC=00000009 	 SP=0000270E 	 A=00000016 	 B=000013B9 ldc 22

PC=0000000A 	 SP=0000270E 	 A=00000016 	 B=000013B9 stnl 0

PC=0000000B 	 SP=0000270E 	 A=00000015 	 B=00000016 ldc 21

PC=0000000C 	 SP=0000270E 	 A=00000002 	 B=00000016 ldnl 0

PC=0000000D 	 SP=0000270E 	 A=00000001 	 B=00000016 adc -1

PC=0000000E 	 SP=0000270E 	 A=00000001 	 B=00000016 brz 3

PC=0000000F 	 SP=0000270E 	 A=00000015 	 B=00000001 ldc 21

PC=00000010 	 SP=0000270E 	 A=00000015 	 B=00000001 stnl 0

PC=00000003 	 SP=0000270E 	 A=00000015 	 B=00000001 adj -1

PC=00000004 	 SP=0000270E 	 A=00000015 	 B=00000015 ldc 21

PC=00000005 	 SP=0000270E 	 A=00000001 	 B=00000015 ldnl 0

PC=00000006 	 SP=0000270E 	 A=00000016 	 B=00000001 ldc 22

PC=00000007 	 SP=0000270E 	 A=000013B9 	 B=00000001 ldnl 0

PC=00000008 	 SP=0000270E 	 A=000013BA 	 B=00000001 add  00000000

PC=00000009 	 SP=0000270E 	 A=00000016 	 B=000013BA ldc 22

PC=0000000A 	 SP=0000270E 	 A=00000016 	 B=000013BA stnl 0

PC=0000000B 	 SP=0000270E 	 A=00000015 	 B=00000016 ldc 21

PC=0000000C 	 SP=0000270E 	 A=00000001 	 B=00000016 ldnl 0

PC=0000000D 	 SP=0000270E 	 A=00000000 	 B=00000016 adc -1

PC=00000011 	 SP=0000270E 	 A=00000000 	 B=00000016 br -14

PC=00000012 	 SP=0000270F 	 A=00000000 	 B=00000016 adj 1

PC=00000013 	 SP=0000270F 	 A=00000000 	 B=00000000 ldl 0

PC=00000015 	 SP=0000270F 	 A=00000000 	 B=00000000 data 100

PC=00000016 	 SP=0000270F 	 A=00000000 	 B=00000000 data 0

